{"level":"info","message":"Google OAuth Config:","timestamp":"2025-07-17T02:23:38.866Z"}
{"level":"info","message":"- CLIENT_ID:","timestamp":"2025-07-17T02:23:38.869Z"}
{"level":"info","message":"- CLIENT_SECRET:","timestamp":"2025-07-17T02:23:38.870Z"}
{"level":"info","message":"- CALLBACK_URL:","timestamp":"2025-07-17T02:23:38.871Z"}
{"level":"info","message":"✅ Swagger configured successfully","timestamp":"2025-07-17T02:23:39.195Z"}
{"level":"info","message":"✅ WebSocket server configured successfully","timestamp":"2025-07-17T02:23:39.200Z"}
{"level":"info","message":"✅ Database connected successfully","timestamp":"2025-07-17T02:23:39.363Z"}
{"level":"info","message":"🚀 Server running on port 8797","timestamp":"2025-07-17T02:23:39.367Z"}
{"level":"info","message":"📡 HTTP: http://localhost:8797","timestamp":"2025-07-17T02:23:39.367Z"}
{"level":"info","message":"📖 Docs: http://localhost:8797/api-docs","timestamp":"2025-07-17T02:23:39.368Z"}
{"level":"info","message":"🧪 Test: http://localhost:8797/test-google","timestamp":"2025-07-17T02:23:39.369Z"}
{"level":"info","message":"💓 Health: http://localhost:8797/health","timestamp":"2025-07-17T02:23:39.369Z"}
{"level":"info","message":"🔌 WebSocket: ws://localhost:8797","timestamp":"2025-07-17T02:23:39.370Z"}
{"level":"info","message":"💬 WebSocket Health: http://localhost:8797/api/websocket/health","timestamp":"2025-07-17T02:23:39.370Z"}
{"level":"info","message":"🌍 Environment: undefined","timestamp":"2025-07-17T02:23:39.371Z"}
{"level":"http","message":"GET /api/cart 304 105.569 ms - {} - User: -","timestamp":"2025-07-17T02:23:47.019Z"}
{"level":"http","message":"GET /api/products?limit=100 304 81.374 ms - {} - User: guest","timestamp":"2025-07-17T02:23:47.025Z"}
{"level":"http","message":"GET /api/products?page=1&limit=10&sortBy=createdAt&sortOrder=desc 304 75.830 ms - {} - User: guest","timestamp":"2025-07-17T02:23:47.032Z"}
{"level":"http","message":"GET /api/collections 304 73.470 ms - {} - User: guest","timestamp":"2025-07-17T02:23:47.036Z"}
{"level":"http","message":"GET /api/products?limit=100 304 4.750 ms - {} - User: guest","timestamp":"2025-07-17T02:23:47.052Z"}
{"level":"http","message":"GET /api/products?page=1&limit=10&sortBy=createdAt&sortOrder=desc 304 1.790 ms - {} - User: guest","timestamp":"2025-07-17T02:23:47.057Z"}
{"level":"http","message":"GET /api/cart 304 52.435 ms - {} - User: -","timestamp":"2025-07-17T02:23:47.091Z"}
{"level":"http","message":"GET /api/collections 304 35.985 ms - {} - User: guest","timestamp":"2025-07-17T02:23:47.095Z"}
{"level":"http","message":"GET /api/cart 304 11.230 ms - {} - User: -","timestamp":"2025-07-17T02:23:47.112Z"}
{"level":"http","message":"GET /api/cart 304 10.830 ms - {} - User: -","timestamp":"2025-07-17T02:23:47.127Z"}
{"level":"http","message":"GET /api/wishlist 304 14.037 ms - {} - User: -","timestamp":"2025-07-17T02:23:47.153Z"}
{"level":"http","message":"GET /api/wishlist 304 9.122 ms - {} - User: -","timestamp":"2025-07-17T02:23:47.163Z"}
{"level":"http","message":"GET /api/wishlist 304 8.505 ms - {} - User: -","timestamp":"2025-07-17T02:23:47.175Z"}
{"level":"http","message":"GET /api/wishlist 304 12.689 ms - {} - User: -","timestamp":"2025-07-17T02:23:47.189Z"}
{"level":"http","message":"GET /api/wishlist 304 11.980 ms - {} - User: -","timestamp":"2025-07-17T02:23:47.203Z"}
{"level":"http","message":"GET /api/wishlist 304 9.493 ms - {} - User: -","timestamp":"2025-07-17T02:23:47.214Z"}
{"level":"http","message":"GET /api/cart 304 14.669 ms - {} - User: -","timestamp":"2025-07-17T02:23:49.126Z"}
{"level":"http","message":"GET /api/auth/google 302 6.511 ms - {} - User: guest","timestamp":"2025-07-17T02:23:58.261Z"}
{"email":"jamem5075@gmail.com","id":"102522430961010428510","level":"info","message":"oogle Profile received:","name":"Jame MultiMe","picture":"https://lh3.googleusercontent.com/a/ACg8ocL18lN9R5oHxc511Cu1u9mfd1l5HvaGQWhDVxZvXT2LpIKZ1IA=s96-c","timestamp":"2025-07-17T02:23:59.932Z"}
{"level":"info","message":"Google OAuth success for user:","timestamp":"2025-07-17T02:23:59.945Z"}
{"level":"http","message":"GET /api/auth/google/callback?code=4%2F0AVMBsJi2A1a_hlNSegWEp3GgDL9qK7PpsPKoTTmEYea8KrR6JIv8kYYEZTwm-pqAKhWWSg&scope=email+profile+https%3A%2F%2Fwww.googleapis.com%2Fauth%2Fuserinfo.email+https%3A%2F%2Fwww.googleapis.com%2Fauth%2Fuserinfo.profile+openid&authuser=0&prompt=none 302 1250.942 ms - {} - User: 6877c6b0de0b057371dabbdc","timestamp":"2025-07-17T02:24:00.004Z"}
{"level":"http","message":"GET /api/products?limit=100 304 2.502 ms - {} - User: guest","timestamp":"2025-07-17T02:24:01.701Z"}
{"level":"http","message":"GET /api/products?page=1&limit=10&sortBy=createdAt&sortOrder=desc 304 1.864 ms - {} - User: guest","timestamp":"2025-07-17T02:24:01.706Z"}
{"level":"http","message":"GET /api/products?limit=100 304 2.398 ms - {} - User: guest","timestamp":"2025-07-17T02:24:01.718Z"}
{"level":"http","message":"GET /api/products?page=1&limit=10&sortBy=createdAt&sortOrder=desc 304 3.128 ms - {} - User: guest","timestamp":"2025-07-17T02:24:01.724Z"}
{"level":"http","message":"GET /api/collections 304 50.966 ms - {} - User: guest","timestamp":"2025-07-17T02:24:01.759Z"}
{"level":"http","message":"GET /api/cart 304 36.685 ms - {} - User: -","timestamp":"2025-07-17T02:24:01.763Z"}
{"level":"http","message":"GET /api/collections 304 41.119 ms - {} - User: guest","timestamp":"2025-07-17T02:24:01.815Z"}
{"level":"http","message":"GET /api/cart 304 43.524 ms - {} - User: -","timestamp":"2025-07-17T02:24:01.820Z"}
{"level":"http","message":"GET /api/wishlist 304 37.178 ms - {} - User: -","timestamp":"2025-07-17T02:24:01.823Z"}
{"level":"http","message":"GET /api/cart 304 25.989 ms - {} - User: -","timestamp":"2025-07-17T02:24:01.851Z"}
{"level":"http","message":"GET /api/wishlist 304 20.543 ms - {} - User: -","timestamp":"2025-07-17T02:24:01.854Z"}
{"level":"http","message":"GET /api/cart 304 28.493 ms - {} - User: -","timestamp":"2025-07-17T02:24:01.885Z"}
{"level":"http","message":"GET /api/wishlist 304 23.058 ms - {} - User: -","timestamp":"2025-07-17T02:24:01.889Z"}
{"level":"http","message":"GET /api/wishlist 304 16.451 ms - {} - User: -","timestamp":"2025-07-17T02:24:01.907Z"}
{"level":"http","message":"GET /api/wishlist 304 16.997 ms - {} - User: -","timestamp":"2025-07-17T02:24:01.927Z"}
{"level":"http","message":"GET /api/wishlist 304 15.803 ms - {} - User: -","timestamp":"2025-07-17T02:24:01.945Z"}
{"level":"http","message":"GET /api/cart 304 33.745 ms - {} - User: -","timestamp":"2025-07-17T02:24:17.945Z"}
{"level":"http","message":"GET /api/cart 304 18.217 ms - {} - User: -","timestamp":"2025-07-17T02:24:21.620Z"}
{"level":"http","message":"GET /api/cart 304 13.383 ms - {} - User: -","timestamp":"2025-07-17T02:24:31.726Z"}
{"level":"http","message":"GET /api/cart 304 14.335 ms - {} - User: -","timestamp":"2025-07-17T02:24:40.666Z"}
{"level":"http","message":"GET /api/cart 304 12.616 ms - {} - User: -","timestamp":"2025-07-17T02:24:50.221Z"}
{"level":"http","message":"GET /api/cart 304 16.583 ms - {} - User: -","timestamp":"2025-07-17T02:25:02.031Z"}
{"level":"http","message":"GET /api/products?limit=100 304 2.620 ms - {} - User: guest","timestamp":"2025-07-17T02:25:05.082Z"}
{"level":"http","message":"GET /api/products?page=1&limit=10&sortBy=createdAt&sortOrder=desc 304 2.075 ms - {} - User: guest","timestamp":"2025-07-17T02:25:05.087Z"}
{"level":"http","message":"GET /api/products?limit=100 304 4.376 ms - {} - User: guest","timestamp":"2025-07-17T02:25:05.094Z"}
{"level":"http","message":"GET /api/products?page=1&limit=10&sortBy=createdAt&sortOrder=desc 304 1.945 ms - {} - User: guest","timestamp":"2025-07-17T02:25:05.106Z"}
{"level":"http","message":"GET /api/collections 304 39.169 ms - {} - User: guest","timestamp":"2025-07-17T02:25:05.136Z"}
{"level":"http","message":"GET /api/cart 304 37.434 ms - {} - User: -","timestamp":"2025-07-17T02:25:05.146Z"}
{"level":"http","message":"GET /api/collections 304 26.363 ms - {} - User: guest","timestamp":"2025-07-17T02:25:05.176Z"}
{"level":"http","message":"GET /api/cart 304 25.297 ms - {} - User: -","timestamp":"2025-07-17T02:25:05.181Z"}
{"level":"http","message":"GET /api/cart 304 23.220 ms - {} - User: -","timestamp":"2025-07-17T02:25:05.208Z"}
{"level":"http","message":"GET /api/cart 304 27.695 ms - {} - User: -","timestamp":"2025-07-17T02:25:05.240Z"}
{"level":"http","message":"GET /api/wishlist 304 30.252 ms - {} - User: -","timestamp":"2025-07-17T02:25:05.302Z"}
{"level":"http","message":"GET /api/wishlist 304 30.942 ms - {} - User: -","timestamp":"2025-07-17T02:25:05.336Z"}
{"level":"http","message":"GET /api/wishlist 304 27.484 ms - {} - User: -","timestamp":"2025-07-17T02:25:05.366Z"}
{"level":"http","message":"GET /api/wishlist 304 32.491 ms - {} - User: -","timestamp":"2025-07-17T02:25:05.401Z"}
{"level":"http","message":"GET /api/wishlist 304 27.907 ms - {} - User: -","timestamp":"2025-07-17T02:25:05.432Z"}
{"level":"http","message":"GET /api/wishlist 304 22.990 ms - {} - User: -","timestamp":"2025-07-17T02:25:05.459Z"}
{"level":"info","message":"findByEmailOrUsername called with:","timestamp":"2025-07-17T02:25:11.606Z"}
{"level":"info","message":"Searching with identifier:","timestamp":"2025-07-17T02:25:11.607Z"}
{"level":"http","message":"POST /api/auth/login 200 221.420 ms - {\"userName\":\"nguyendao21012002@gmail.com\",\"password\":\"[REDACTED]\"} - User: guest","timestamp":"2025-07-17T02:25:11.825Z"}
{"level":"http","message":"GET /api/products?limit=100 304 2.261 ms - {} - User: guest","timestamp":"2025-07-17T02:25:13.380Z"}
{"level":"http","message":"GET /api/products?page=1&limit=10&sortBy=createdAt&sortOrder=desc 304 2.317 ms - {} - User: guest","timestamp":"2025-07-17T02:25:13.385Z"}
{"level":"http","message":"GET /api/products?page=1&limit=10&sortBy=createdAt&sortOrder=desc 304 3.610 ms - {} - User: guest","timestamp":"2025-07-17T02:25:13.409Z"}
{"level":"http","message":"GET /api/products?limit=100 304 3.085 ms - {} - User: guest","timestamp":"2025-07-17T02:25:13.415Z"}
{"level":"http","message":"GET /api/collections 304 45.045 ms - {} - User: guest","timestamp":"2025-07-17T02:25:13.432Z"}
{"level":"http","message":"GET /api/cart 304 48.323 ms - {} - User: -","timestamp":"2025-07-17T02:25:13.440Z"}
{"level":"http","message":"GET /api/collections 304 31.500 ms - {} - User: guest","timestamp":"2025-07-17T02:25:13.474Z"}
{"level":"http","message":"GET /api/cart 304 30.572 ms - {} - User: -","timestamp":"2025-07-17T02:25:13.477Z"}
{"level":"http","message":"GET /api/cart 304 26.503 ms - {} - User: -","timestamp":"2025-07-17T02:25:13.519Z"}
{"level":"http","message":"GET /api/wishlist 304 41.290 ms - {} - User: -","timestamp":"2025-07-17T02:25:13.542Z"}
{"level":"http","message":"GET /api/cart 304 39.688 ms - {} - User: -","timestamp":"2025-07-17T02:25:13.566Z"}
{"level":"http","message":"GET /api/wishlist 304 35.026 ms - {} - User: -","timestamp":"2025-07-17T02:25:13.586Z"}
{"level":"http","message":"GET /api/wishlist 304 28.188 ms - {} - User: -","timestamp":"2025-07-17T02:25:13.617Z"}
{"level":"http","message":"GET /api/wishlist 304 25.582 ms - {} - User: -","timestamp":"2025-07-17T02:25:13.646Z"}
{"level":"http","message":"GET /api/wishlist 304 24.379 ms - {} - User: -","timestamp":"2025-07-17T02:25:13.673Z"}
{"level":"http","message":"GET /api/wishlist 304 29.132 ms - {} - User: -","timestamp":"2025-07-17T02:25:13.705Z"}
{"level":"http","message":"GET /api/cart 304 21.832 ms - {} - User: -","timestamp":"2025-07-17T02:25:19.117Z"}
{"level":"http","message":"GET /api/cart 304 26.528 ms - {} - User: -","timestamp":"2025-07-17T02:25:26.786Z"}
{"level":"http","message":"GET /api/wishlist 304 28.213 ms - {} - User: -","timestamp":"2025-07-17T02:25:26.801Z"}
{"level":"http","message":"GET /api/products?page=1&limit=10&sortBy=createdAt&sortOrder=desc 304 1.562 ms - {} - User: guest","timestamp":"2025-07-17T02:25:26.822Z"}
{"level":"http","message":"GET /api/cart 304 34.022 ms - {} - User: -","timestamp":"2025-07-17T02:25:26.826Z"}
{"level":"http","message":"GET /api/wishlist 304 27.322 ms - {} - User: -","timestamp":"2025-07-17T02:25:26.836Z"}
{"level":"http","message":"GET /api/products?page=1&limit=10&sortBy=createdAt&sortOrder=desc 304 3.630 ms - {} - User: guest","timestamp":"2025-07-17T02:25:26.903Z"}
{"level":"http","message":"GET /api/products?limit=1000 200 72.210 ms - {} - User: guest","timestamp":"2025-07-17T02:25:26.934Z"}
{"level":"http","message":"GET /api/cart 304 67.987 ms - {} - User: -","timestamp":"2025-07-17T02:25:26.941Z"}
{"level":"http","message":"GET /api/wishlist 304 55.225 ms - {} - User: -","timestamp":"2025-07-17T02:25:26.944Z"}
{"level":"http","message":"GET /api/products?limit=1000 304 3.163 ms - {} - User: guest","timestamp":"2025-07-17T02:25:26.949Z"}
{"level":"http","message":"GET /api/cart 304 30.445 ms - {} - User: -","timestamp":"2025-07-17T02:25:26.985Z"}
{"level":"http","message":"GET /api/wishlist 304 26.162 ms - {} - User: -","timestamp":"2025-07-17T02:25:26.988Z"}
{"level":"http","message":"GET /api/wishlist 304 16.800 ms - {} - User: -","timestamp":"2025-07-17T02:25:27.007Z"}
{"level":"http","message":"GET /api/wishlist 304 15.651 ms - {} - User: -","timestamp":"2025-07-17T02:25:27.025Z"}
{"level":"http","message":"GET /api/wishlist 304 19.499 ms - {} - User: -","timestamp":"2025-07-17T02:25:27.047Z"}
{"level":"http","message":"GET /api/wishlist 304 14.218 ms - {} - User: -","timestamp":"2025-07-17T02:25:27.065Z"}
{"level":"http","message":"GET /api/wishlist 304 15.189 ms - {} - User: -","timestamp":"2025-07-17T02:25:27.085Z"}
{"level":"http","message":"GET /api/wishlist 304 14.848 ms - {} - User: -","timestamp":"2025-07-17T02:25:27.104Z"}
{"level":"http","message":"GET /api/wishlist 304 15.396 ms - {} - User: -","timestamp":"2025-07-17T02:25:27.121Z"}
{"level":"http","message":"GET /api/wishlist 304 12.764 ms - {} - User: -","timestamp":"2025-07-17T02:25:27.137Z"}
{"level":"http","message":"GET /api/wishlist 304 16.796 ms - {} - User: -","timestamp":"2025-07-17T02:25:27.157Z"}
{"level":"http","message":"GET /api/wishlist 304 15.239 ms - {} - User: -","timestamp":"2025-07-17T02:25:27.175Z"}
{"level":"http","message":"GET /api/wishlist 304 17.887 ms - {} - User: -","timestamp":"2025-07-17T02:25:27.198Z"}
{"level":"http","message":"GET /api/wishlist 304 19.774 ms - {} - User: -","timestamp":"2025-07-17T02:25:27.222Z"}
{"level":"http","message":"GET /api/wishlist 304 15.897 ms - {} - User: -","timestamp":"2025-07-17T02:25:27.240Z"}
{"level":"http","message":"GET /api/wishlist 304 15.088 ms - {} - User: -","timestamp":"2025-07-17T02:25:27.257Z"}
{"level":"http","message":"GET /api/wishlist 304 16.454 ms - {} - User: -","timestamp":"2025-07-17T02:25:27.275Z"}
{"level":"http","message":"GET /api/wishlist 304 16.075 ms - {} - User: -","timestamp":"2025-07-17T02:25:27.294Z"}
{"level":"http","message":"GET /api/wishlist 304 14.809 ms - {} - User: -","timestamp":"2025-07-17T02:25:27.310Z"}
{"level":"http","message":"GET /api/wishlist 304 16.379 ms - {} - User: -","timestamp":"2025-07-17T02:25:27.330Z"}
{"level":"http","message":"GET /api/wishlist 304 14.634 ms - {} - User: -","timestamp":"2025-07-17T02:25:27.347Z"}
{"level":"http","message":"GET /api/wishlist 304 14.311 ms - {} - User: -","timestamp":"2025-07-17T02:25:27.363Z"}
{"level":"http","message":"GET /api/wishlist 304 14.323 ms - {} - User: -","timestamp":"2025-07-17T02:25:27.380Z"}
{"level":"http","message":"GET /api/wishlist 304 14.387 ms - {} - User: -","timestamp":"2025-07-17T02:25:27.398Z"}
{"level":"http","message":"GET /api/wishlist 304 17.115 ms - {} - User: -","timestamp":"2025-07-17T02:25:27.418Z"}
{"level":"http","message":"GET /api/wishlist 304 16.999 ms - {} - User: -","timestamp":"2025-07-17T02:25:27.439Z"}
{"level":"http","message":"GET /api/wishlist 304 13.055 ms - {} - User: -","timestamp":"2025-07-17T02:25:27.454Z"}
{"level":"http","message":"GET /api/wishlist 304 13.194 ms - {} - User: -","timestamp":"2025-07-17T02:25:27.470Z"}
{"level":"http","message":"GET /api/wishlist 304 14.467 ms - {} - User: -","timestamp":"2025-07-17T02:25:27.486Z"}
{"level":"http","message":"GET /api/wishlist 304 14.968 ms - {} - User: -","timestamp":"2025-07-17T02:25:27.504Z"}
{"level":"http","message":"GET /api/wishlist 304 13.978 ms - {} - User: -","timestamp":"2025-07-17T02:25:27.523Z"}
{"level":"http","message":"GET /api/wishlist 304 15.789 ms - {} - User: -","timestamp":"2025-07-17T02:25:27.541Z"}
{"level":"http","message":"GET /api/wishlist 304 16.129 ms - {} - User: -","timestamp":"2025-07-17T02:25:27.559Z"}
{"level":"http","message":"GET /api/wishlist 304 16.241 ms - {} - User: -","timestamp":"2025-07-17T02:25:27.577Z"}
{"level":"http","message":"GET /api/wishlist 304 16.716 ms - {} - User: -","timestamp":"2025-07-17T02:25:27.597Z"}
{"level":"http","message":"GET /api/wishlist 304 15.397 ms - {} - User: -","timestamp":"2025-07-17T02:25:27.616Z"}
{"level":"http","message":"GET /api/wishlist 304 14.708 ms - {} - User: -","timestamp":"2025-07-17T02:25:27.634Z"}
{"level":"http","message":"GET /api/wishlist 304 16.794 ms - {} - User: -","timestamp":"2025-07-17T02:25:27.654Z"}
{"level":"http","message":"GET /api/products/NC10VNA1 304 9.118 ms - {} - User: guest","timestamp":"2025-07-17T02:25:31.526Z"}
{"level":"http","message":"GET /api/cart 304 24.226 ms - {} - User: -","timestamp":"2025-07-17T02:25:31.533Z"}
{"level":"http","message":"GET /api/products/NC10VNA1 304 2.713 ms - {} - User: guest","timestamp":"2025-07-17T02:25:31.541Z"}
{"level":"http","message":"GET /api/cart 304 19.260 ms - {} - User: -","timestamp":"2025-07-17T02:25:31.563Z"}
{"level":"http","message":"GET /api/cart 304 20.034 ms - {} - User: -","timestamp":"2025-07-17T02:25:31.586Z"}
{"level":"http","message":"GET /api/cart 304 18.693 ms - {} - User: -","timestamp":"2025-07-17T02:25:31.608Z"}
{"level":"http","message":"GET /api/products?category=TRANG%20S%E1%BB%A8C%20C%C6%AF%E1%BB%9AI&limit=20 304 37.888 ms - {} - User: guest","timestamp":"2025-07-17T02:25:31.672Z"}
{"level":"http","message":"GET /api/comments/product/NC10VNA1?page=1&limit=10 200 106.767 ms - {} - User: guest","timestamp":"2025-07-17T02:25:31.718Z"}
{"level":"http","message":"GET /api/products?category=TRANG%20S%E1%BB%A8C%20C%C6%AF%E1%BB%9AI&limit=20 304 52.093 ms - {} - User: guest","timestamp":"2025-07-17T02:25:31.860Z"}
{"level":"http","message":"GET /api/comments/product/NC10VNA1?page=1&limit=10 304 245.575 ms - {} - User: guest","timestamp":"2025-07-17T02:25:31.967Z"}
{"level":"http","message":"GET /api/cart 304 33.058 ms - {} - User: -","timestamp":"2025-07-17T02:25:36.567Z"}
{"level":"http","message":"GET /api/wishlist 304 30.857 ms - {} - User: -","timestamp":"2025-07-17T02:25:36.586Z"}
{"level":"http","message":"GET /api/products?page=1&limit=10&sortBy=createdAt&sortOrder=desc 304 1.556 ms - {} - User: guest","timestamp":"2025-07-17T02:25:36.594Z"}
{"level":"http","message":"GET /api/cart 304 34.281 ms - {} - User: -","timestamp":"2025-07-17T02:25:36.608Z"}
{"level":"http","message":"GET /api/wishlist 304 30.813 ms - {} - User: -","timestamp":"2025-07-17T02:25:36.630Z"}
{"level":"http","message":"GET /api/products?page=1&limit=10&sortBy=createdAt&sortOrder=desc 304 1.212 ms - {} - User: guest","timestamp":"2025-07-17T02:25:36.639Z"}
{"level":"http","message":"GET /api/cart 304 37.203 ms - {} - User: -","timestamp":"2025-07-17T02:25:36.652Z"}
{"level":"http","message":"GET /api/wishlist 304 30.025 ms - {} - User: -","timestamp":"2025-07-17T02:25:36.673Z"}
{"level":"http","message":"GET /api/cart 304 32.121 ms - {} - User: -","timestamp":"2025-07-17T02:25:36.691Z"}
{"level":"http","message":"GET /api/wishlist 304 25.173 ms - {} - User: -","timestamp":"2025-07-17T02:25:36.704Z"}
{"level":"http","message":"GET /api/wishlist 304 14.682 ms - {} - User: -","timestamp":"2025-07-17T02:25:36.721Z"}
{"level":"http","message":"GET /api/wishlist 304 18.714 ms - {} - User: -","timestamp":"2025-07-17T02:25:36.742Z"}
{"level":"http","message":"GET /api/wishlist 304 16.819 ms - {} - User: -","timestamp":"2025-07-17T02:25:36.761Z"}
{"level":"http","message":"GET /api/wishlist 304 13.815 ms - {} - User: -","timestamp":"2025-07-17T02:25:36.777Z"}
{"level":"http","message":"GET /api/wishlist 304 16.193 ms - {} - User: -","timestamp":"2025-07-17T02:25:36.795Z"}
{"level":"http","message":"GET /api/wishlist 304 13.969 ms - {} - User: -","timestamp":"2025-07-17T02:25:36.813Z"}
{"level":"http","message":"GET /api/wishlist 304 15.875 ms - {} - User: -","timestamp":"2025-07-17T02:25:36.832Z"}
{"level":"http","message":"GET /api/wishlist 304 18.964 ms - {} - User: -","timestamp":"2025-07-17T02:25:36.854Z"}
{"level":"http","message":"GET /api/wishlist 304 16.993 ms - {} - User: -","timestamp":"2025-07-17T02:25:36.873Z"}
{"level":"http","message":"GET /api/wishlist 304 15.231 ms - {} - User: -","timestamp":"2025-07-17T02:25:36.890Z"}
{"level":"http","message":"GET /api/wishlist 304 15.156 ms - {} - User: -","timestamp":"2025-07-17T02:25:36.908Z"}
{"level":"http","message":"GET /api/wishlist 304 14.559 ms - {} - User: -","timestamp":"2025-07-17T02:25:36.924Z"}
{"level":"http","message":"GET /api/wishlist 304 15.304 ms - {} - User: -","timestamp":"2025-07-17T02:25:36.942Z"}
{"level":"http","message":"GET /api/wishlist 304 16.024 ms - {} - User: -","timestamp":"2025-07-17T02:25:36.960Z"}
{"level":"http","message":"GET /api/wishlist 304 14.932 ms - {} - User: -","timestamp":"2025-07-17T02:25:36.977Z"}
{"level":"http","message":"GET /api/wishlist 304 14.989 ms - {} - User: -","timestamp":"2025-07-17T02:25:36.994Z"}
{"level":"http","message":"GET /api/wishlist 304 13.738 ms - {} - User: -","timestamp":"2025-07-17T02:25:37.010Z"}
{"level":"http","message":"GET /api/wishlist 304 18.565 ms - {} - User: -","timestamp":"2025-07-17T02:25:37.030Z"}
{"level":"http","message":"GET /api/wishlist 304 17.067 ms - {} - User: -","timestamp":"2025-07-17T02:25:37.052Z"}
{"level":"http","message":"GET /api/wishlist 304 15.066 ms - {} - User: -","timestamp":"2025-07-17T02:25:37.070Z"}
{"level":"http","message":"GET /api/wishlist 304 19.589 ms - {} - User: -","timestamp":"2025-07-17T02:25:37.092Z"}
{"level":"http","message":"GET /api/wishlist 304 17.707 ms - {} - User: -","timestamp":"2025-07-17T02:25:37.112Z"}
{"level":"http","message":"GET /api/wishlist 304 15.639 ms - {} - User: -","timestamp":"2025-07-17T02:25:37.132Z"}
{"level":"http","message":"GET /api/wishlist 304 16.552 ms - {} - User: -","timestamp":"2025-07-17T02:25:37.152Z"}
{"level":"http","message":"GET /api/wishlist 304 15.524 ms - {} - User: -","timestamp":"2025-07-17T02:25:37.171Z"}
{"level":"http","message":"GET /api/wishlist 304 14.379 ms - {} - User: -","timestamp":"2025-07-17T02:25:37.187Z"}
{"level":"http","message":"GET /api/wishlist 304 17.564 ms - {} - User: -","timestamp":"2025-07-17T02:25:37.207Z"}
{"level":"http","message":"GET /api/wishlist 304 15.628 ms - {} - User: -","timestamp":"2025-07-17T02:25:37.224Z"}
{"level":"http","message":"GET /api/wishlist 304 16.844 ms - {} - User: -","timestamp":"2025-07-17T02:25:37.244Z"}
{"level":"http","message":"GET /api/wishlist 304 15.357 ms - {} - User: -","timestamp":"2025-07-17T02:25:37.263Z"}
{"level":"http","message":"GET /api/wishlist 304 14.748 ms - {} - User: -","timestamp":"2025-07-17T02:25:37.280Z"}
{"level":"http","message":"GET /api/wishlist 304 14.175 ms - {} - User: -","timestamp":"2025-07-17T02:25:37.297Z"}
{"level":"http","message":"GET /api/wishlist 304 12.725 ms - {} - User: -","timestamp":"2025-07-17T02:25:37.312Z"}
{"level":"http","message":"GET /api/wishlist 304 14.742 ms - {} - User: -","timestamp":"2025-07-17T02:25:37.330Z"}
{"level":"http","message":"GET /api/wishlist 304 15.296 ms - {} - User: -","timestamp":"2025-07-17T02:25:37.348Z"}
{"level":"http","message":"GET /api/wishlist 304 16.614 ms - {} - User: -","timestamp":"2025-07-17T02:25:37.367Z"}
{"level":"http","message":"GET /api/products/NB2 304 8.820 ms - {} - User: guest","timestamp":"2025-07-17T02:25:37.795Z"}
{"level":"http","message":"GET /api/cart 304 21.355 ms - {} - User: -","timestamp":"2025-07-17T02:25:37.799Z"}
{"level":"http","message":"GET /api/products/NB2 304 2.260 ms - {} - User: guest","timestamp":"2025-07-17T02:25:37.804Z"}
{"level":"http","message":"GET /api/cart 304 16.534 ms - {} - User: -","timestamp":"2025-07-17T02:25:37.823Z"}
{"level":"http","message":"GET /api/cart 304 18.064 ms - {} - User: -","timestamp":"2025-07-17T02:25:37.843Z"}
{"level":"http","message":"GET /api/cart 304 18.879 ms - {} - User: -","timestamp":"2025-07-17T02:25:37.866Z"}
{"level":"http","message":"GET /api/products?category=TRANG%20S%E1%BB%A8C&limit=20 304 34.520 ms - {} - User: guest","timestamp":"2025-07-17T02:25:37.912Z"}
{"level":"http","message":"GET /api/comments/product/NB2?page=1&limit=10 200 67.796 ms - {} - User: guest","timestamp":"2025-07-17T02:25:37.940Z"}
{"level":"http","message":"GET /api/comments/product/NB2?page=1&limit=10 304 32.491 ms - {} - User: guest","timestamp":"2025-07-17T02:25:37.975Z"}
{"level":"http","message":"GET /api/products?category=TRANG%20S%E1%BB%A8C&limit=20 304 1.528 ms - {} - User: guest","timestamp":"2025-07-17T02:25:37.999Z"}
{"level":"http","message":"GET /api/cart 304 54.360 ms - {} - User: -","timestamp":"2025-07-17T02:25:39.383Z"}
{"level":"http","message":"GET /api/wishlist 304 51.915 ms - {} - User: -","timestamp":"2025-07-17T02:25:39.388Z"}
{"level":"http","message":"GET /api/products?page=1&limit=10&sortBy=createdAt&sortOrder=desc 304 1.718 ms - {} - User: guest","timestamp":"2025-07-17T02:25:39.408Z"}
{"level":"http","message":"GET /api/cart 304 32.183 ms - {} - User: -","timestamp":"2025-07-17T02:25:39.422Z"}
{"level":"http","message":"GET /api/wishlist 304 28.885 ms - {} - User: -","timestamp":"2025-07-17T02:25:39.426Z"}
{"level":"http","message":"GET /api/products?page=1&limit=10&sortBy=createdAt&sortOrder=desc 304 1.194 ms - {} - User: guest","timestamp":"2025-07-17T02:25:39.456Z"}
{"level":"http","message":"GET /api/cart 304 36.810 ms - {} - User: -","timestamp":"2025-07-17T02:25:39.466Z"}
{"level":"http","message":"GET /api/wishlist 304 26.498 ms - {} - User: -","timestamp":"2025-07-17T02:25:39.469Z"}
{"level":"http","message":"GET /api/cart 304 29.583 ms - {} - User: -","timestamp":"2025-07-17T02:25:39.500Z"}
{"level":"http","message":"GET /api/wishlist 304 25.834 ms - {} - User: -","timestamp":"2025-07-17T02:25:39.504Z"}
{"level":"http","message":"GET /api/wishlist 304 16.508 ms - {} - User: -","timestamp":"2025-07-17T02:25:39.523Z"}
{"level":"http","message":"GET /api/wishlist 304 16.104 ms - {} - User: -","timestamp":"2025-07-17T02:25:39.543Z"}
{"level":"http","message":"GET /api/wishlist 304 15.092 ms - {} - User: -","timestamp":"2025-07-17T02:25:39.560Z"}
{"level":"http","message":"GET /api/wishlist 304 15.147 ms - {} - User: -","timestamp":"2025-07-17T02:25:39.577Z"}
{"level":"http","message":"GET /api/wishlist 304 28.321 ms - {} - User: -","timestamp":"2025-07-17T02:25:39.609Z"}
{"level":"http","message":"GET /api/wishlist 304 27.253 ms - {} - User: -","timestamp":"2025-07-17T02:25:39.639Z"}
{"level":"http","message":"GET /api/wishlist 304 15.858 ms - {} - User: -","timestamp":"2025-07-17T02:25:39.658Z"}
{"level":"http","message":"GET /api/wishlist 304 12.283 ms - {} - User: -","timestamp":"2025-07-17T02:25:39.672Z"}
{"level":"http","message":"GET /api/wishlist 304 13.303 ms - {} - User: -","timestamp":"2025-07-17T02:25:39.689Z"}
{"level":"http","message":"GET /api/wishlist 304 14.375 ms - {} - User: -","timestamp":"2025-07-17T02:25:39.708Z"}
{"level":"http","message":"GET /api/wishlist 304 16.638 ms - {} - User: -","timestamp":"2025-07-17T02:25:39.726Z"}
{"level":"http","message":"GET /api/wishlist 304 13.199 ms - {} - User: -","timestamp":"2025-07-17T02:25:39.742Z"}
{"level":"http","message":"GET /api/wishlist 304 11.663 ms - {} - User: -","timestamp":"2025-07-17T02:25:39.755Z"}
{"level":"http","message":"GET /api/wishlist 304 16.006 ms - {} - User: -","timestamp":"2025-07-17T02:25:39.775Z"}
{"level":"http","message":"GET /api/wishlist 304 14.936 ms - {} - User: -","timestamp":"2025-07-17T02:25:39.793Z"}
{"level":"http","message":"GET /api/wishlist 304 15.958 ms - {} - User: -","timestamp":"2025-07-17T02:25:39.812Z"}
{"level":"http","message":"GET /api/wishlist 304 13.918 ms - {} - User: -","timestamp":"2025-07-17T02:25:39.828Z"}
{"level":"http","message":"GET /api/wishlist 304 14.092 ms - {} - User: -","timestamp":"2025-07-17T02:25:39.845Z"}
{"level":"http","message":"GET /api/wishlist 304 14.491 ms - {} - User: -","timestamp":"2025-07-17T02:25:39.864Z"}
{"level":"http","message":"GET /api/wishlist 304 15.024 ms - {} - User: -","timestamp":"2025-07-17T02:25:39.882Z"}
{"level":"http","message":"GET /api/wishlist 304 14.946 ms - {} - User: -","timestamp":"2025-07-17T02:25:39.899Z"}
{"level":"http","message":"GET /api/wishlist 304 16.883 ms - {} - User: -","timestamp":"2025-07-17T02:25:39.919Z"}
{"level":"http","message":"GET /api/wishlist 304 16.003 ms - {} - User: -","timestamp":"2025-07-17T02:25:39.938Z"}
{"level":"http","message":"GET /api/wishlist 304 15.734 ms - {} - User: -","timestamp":"2025-07-17T02:25:39.956Z"}
{"level":"http","message":"GET /api/wishlist 304 15.430 ms - {} - User: -","timestamp":"2025-07-17T02:25:39.974Z"}
{"level":"http","message":"GET /api/wishlist 304 15.007 ms - {} - User: -","timestamp":"2025-07-17T02:25:39.991Z"}
{"level":"http","message":"GET /api/wishlist 304 17.788 ms - {} - User: -","timestamp":"2025-07-17T02:25:40.011Z"}
{"level":"http","message":"GET /api/wishlist 304 15.538 ms - {} - User: -","timestamp":"2025-07-17T02:25:40.030Z"}
{"level":"http","message":"GET /api/wishlist 304 51.136 ms - {} - User: -","timestamp":"2025-07-17T02:25:40.083Z"}
{"level":"http","message":"GET /api/wishlist 304 61.240 ms - {} - User: -","timestamp":"2025-07-17T02:25:40.163Z"}
{"level":"http","message":"GET /api/wishlist 304 28.505 ms - {} - User: -","timestamp":"2025-07-17T02:25:40.193Z"}
{"level":"http","message":"GET /api/wishlist 304 16.776 ms - {} - User: -","timestamp":"2025-07-17T02:25:40.212Z"}
{"level":"http","message":"GET /api/wishlist 304 16.348 ms - {} - User: -","timestamp":"2025-07-17T02:25:40.233Z"}
{"level":"http","message":"GET /api/wishlist 304 14.757 ms - {} - User: -","timestamp":"2025-07-17T02:25:40.252Z"}
{"level":"http","message":"GET /api/wishlist 304 15.549 ms - {} - User: -","timestamp":"2025-07-17T02:25:40.269Z"}
{"level":"http","message":"GET /api/wishlist 304 15.543 ms - {} - User: -","timestamp":"2025-07-17T02:25:40.287Z"}
{"level":"http","message":"GET /api/cart 304 14.302 ms - {} - User: -","timestamp":"2025-07-17T02:25:40.904Z"}
{"level":"http","message":"GET /api/products/NB1 200 14.285 ms - {} - User: guest","timestamp":"2025-07-17T02:25:40.921Z"}
{"level":"http","message":"GET /api/products/NB1 304 1.096 ms - {} - User: guest","timestamp":"2025-07-17T02:25:40.927Z"}
{"level":"http","message":"GET /api/cart 304 19.710 ms - {} - User: -","timestamp":"2025-07-17T02:25:40.931Z"}
{"level":"http","message":"GET /api/cart 304 15.510 ms - {} - User: -","timestamp":"2025-07-17T02:25:40.950Z"}
{"level":"http","message":"GET /api/cart 304 15.276 ms - {} - User: -","timestamp":"2025-07-17T02:25:40.968Z"}
{"level":"http","message":"GET /api/products?category=TRANG%20S%E1%BB%A8C&limit=20 304 2.801 ms - {} - User: guest","timestamp":"2025-07-17T02:25:41.007Z"}
{"level":"http","message":"GET /api/comments/product/NB1?page=1&limit=10 200 32.830 ms - {} - User: guest","timestamp":"2025-07-17T02:25:41.033Z"}
{"level":"http","message":"GET /api/comments/product/NB1?page=1&limit=10 304 30.538 ms - {} - User: guest","timestamp":"2025-07-17T02:25:41.066Z"}
{"level":"http","message":"GET /api/products?category=TRANG%20S%E1%BB%A8C&limit=20 304 1.766 ms - {} - User: guest","timestamp":"2025-07-17T02:25:41.090Z"}
{"level":"http","message":"GET /api/cart 304 15.348 ms - {} - User: -","timestamp":"2025-07-17T02:25:43.401Z"}
{"level":"http","message":"GET /api/cart 304 26.140 ms - {} - User: -","timestamp":"2025-07-17T02:25:45.118Z"}
{"level":"http","message":"GET /api/cart 304 15.543 ms - {} - User: -","timestamp":"2025-07-17T02:25:45.200Z"}
{"level":"http","message":"GET /api/products?page=1&limit=10&sortBy=createdAt&sortOrder=desc 304 1.343 ms - {} - User: guest","timestamp":"2025-07-17T02:25:45.208Z"}
{"level":"http","message":"GET /api/products?limit=1000 304 3.457 ms - {} - User: guest","timestamp":"2025-07-17T02:25:45.216Z"}
{"level":"http","message":"GET /api/products?page=1&limit=10&sortBy=createdAt&sortOrder=desc 304 1.565 ms - {} - User: guest","timestamp":"2025-07-17T02:25:45.239Z"}
{"level":"http","message":"GET /api/products?limit=1000 304 2.500 ms - {} - User: guest","timestamp":"2025-07-17T02:25:45.244Z"}
{"level":"http","message":"GET /api/cart 304 32.830 ms - {} - User: -","timestamp":"2025-07-17T02:25:45.260Z"}
{"level":"http","message":"GET /api/wishlist 304 46.756 ms - {} - User: -","timestamp":"2025-07-17T02:25:45.266Z"}
{"level":"http","message":"GET /api/cart 304 25.770 ms - {} - User: -","timestamp":"2025-07-17T02:25:45.294Z"}
{"level":"http","message":"GET /api/wishlist 304 38.359 ms - {} - User: -","timestamp":"2025-07-17T02:25:45.318Z"}
{"level":"http","message":"GET /api/cart 304 33.920 ms - {} - User: -","timestamp":"2025-07-17T02:25:45.337Z"}
{"level":"http","message":"GET /api/wishlist 304 31.335 ms - {} - User: -","timestamp":"2025-07-17T02:25:45.354Z"}
{"level":"http","message":"GET /api/wishlist 304 22.398 ms - {} - User: -","timestamp":"2025-07-17T02:25:45.378Z"}
{"level":"http","message":"GET /api/wishlist 304 26.770 ms - {} - User: -","timestamp":"2025-07-17T02:25:45.409Z"}
{"level":"http","message":"GET /api/wishlist 304 22.130 ms - {} - User: -","timestamp":"2025-07-17T02:25:45.435Z"}
{"level":"http","message":"GET /api/wishlist 304 20.270 ms - {} - User: -","timestamp":"2025-07-17T02:25:45.458Z"}
{"level":"http","message":"GET /api/wishlist 304 21.977 ms - {} - User: -","timestamp":"2025-07-17T02:25:45.490Z"}
{"level":"http","message":"GET /api/wishlist 304 20.194 ms - {} - User: -","timestamp":"2025-07-17T02:25:45.512Z"}
{"level":"http","message":"GET /api/wishlist 304 25.425 ms - {} - User: -","timestamp":"2025-07-17T02:25:45.541Z"}
{"level":"http","message":"GET /api/wishlist 304 28.871 ms - {} - User: -","timestamp":"2025-07-17T02:25:45.572Z"}
{"level":"http","message":"GET /api/wishlist 304 24.838 ms - {} - User: -","timestamp":"2025-07-17T02:25:45.599Z"}
{"level":"http","message":"GET /api/wishlist 304 22.493 ms - {} - User: -","timestamp":"2025-07-17T02:25:45.624Z"}
{"level":"http","message":"GET /api/wishlist 304 22.431 ms - {} - User: -","timestamp":"2025-07-17T02:25:45.649Z"}
{"level":"http","message":"GET /api/wishlist 304 24.387 ms - {} - User: -","timestamp":"2025-07-17T02:25:45.676Z"}
{"level":"http","message":"GET /api/wishlist 304 25.713 ms - {} - User: -","timestamp":"2025-07-17T02:25:45.704Z"}
{"level":"http","message":"GET /api/wishlist 304 26.195 ms - {} - User: -","timestamp":"2025-07-17T02:25:45.733Z"}
{"level":"http","message":"GET /api/wishlist 304 26.264 ms - {} - User: -","timestamp":"2025-07-17T02:25:45.764Z"}
{"level":"http","message":"GET /api/wishlist 304 28.034 ms - {} - User: -","timestamp":"2025-07-17T02:25:45.819Z"}
{"level":"http","message":"GET /api/wishlist 304 26.874 ms - {} - User: -","timestamp":"2025-07-17T02:25:45.849Z"}
{"level":"http","message":"GET /api/wishlist 304 28.289 ms - {} - User: -","timestamp":"2025-07-17T02:25:45.880Z"}
{"level":"http","message":"GET /api/wishlist 304 23.353 ms - {} - User: -","timestamp":"2025-07-17T02:25:45.907Z"}
{"level":"http","message":"GET /api/wishlist 304 22.966 ms - {} - User: -","timestamp":"2025-07-17T02:25:45.932Z"}
{"level":"http","message":"GET /api/wishlist 304 24.776 ms - {} - User: -","timestamp":"2025-07-17T02:25:45.994Z"}
{"level":"http","message":"GET /api/wishlist 304 25.159 ms - {} - User: -","timestamp":"2025-07-17T02:25:46.023Z"}
{"level":"http","message":"GET /api/wishlist 304 24.662 ms - {} - User: -","timestamp":"2025-07-17T02:25:46.051Z"}
{"level":"http","message":"GET /api/wishlist 304 22.558 ms - {} - User: -","timestamp":"2025-07-17T02:25:46.077Z"}
{"level":"http","message":"GET /api/wishlist 304 24.669 ms - {} - User: -","timestamp":"2025-07-17T02:25:46.105Z"}
{"level":"http","message":"GET /api/wishlist 304 23.555 ms - {} - User: -","timestamp":"2025-07-17T02:25:46.132Z"}
{"level":"http","message":"GET /api/wishlist 304 21.652 ms - {} - User: -","timestamp":"2025-07-17T02:25:46.156Z"}
{"level":"http","message":"GET /api/wishlist 304 20.157 ms - {} - User: -","timestamp":"2025-07-17T02:25:46.178Z"}
{"level":"http","message":"GET /api/wishlist 304 39.800 ms - {} - User: -","timestamp":"2025-07-17T02:25:46.225Z"}
{"level":"http","message":"GET /api/wishlist 304 21.662 ms - {} - User: -","timestamp":"2025-07-17T02:25:46.250Z"}
{"level":"http","message":"GET /api/wishlist 304 20.213 ms - {} - User: -","timestamp":"2025-07-17T02:25:46.272Z"}
{"level":"http","message":"GET /api/wishlist 304 22.866 ms - {} - User: -","timestamp":"2025-07-17T02:25:46.297Z"}
{"level":"http","message":"GET /api/wishlist 304 21.180 ms - {} - User: -","timestamp":"2025-07-17T02:25:46.320Z"}
{"level":"http","message":"GET /api/wishlist 304 21.678 ms - {} - User: -","timestamp":"2025-07-17T02:25:46.349Z"}
{"level":"http","message":"GET /api/wishlist 304 21.923 ms - {} - User: -","timestamp":"2025-07-17T02:25:46.373Z"}
{"level":"http","message":"GET /api/wishlist 304 24.775 ms - {} - User: -","timestamp":"2025-07-17T02:25:46.400Z"}
{"level":"http","message":"GET /api/wishlist 304 25.160 ms - {} - User: -","timestamp":"2025-07-17T02:25:46.429Z"}
{"level":"http","message":"GET /api/products/NB1 200 1.384 ms - {} - User: guest","timestamp":"2025-07-17T02:25:48.284Z"}
{"level":"http","message":"GET /api/products/NB1 304 2.685 ms - {} - User: guest","timestamp":"2025-07-17T02:25:48.293Z"}
{"level":"http","message":"GET /api/cart 304 24.586 ms - {} - User: -","timestamp":"2025-07-17T02:25:48.299Z"}
{"level":"http","message":"GET /api/products?category=TRANG%20S%E1%BB%A8C&limit=20 304 2.420 ms - {} - User: guest","timestamp":"2025-07-17T02:25:48.327Z"}
{"level":"http","message":"GET /api/cart 304 35.951 ms - {} - User: -","timestamp":"2025-07-17T02:25:48.338Z"}
{"level":"http","message":"GET /api/cart 304 21.120 ms - {} - User: -","timestamp":"2025-07-17T02:25:48.364Z"}
{"level":"http","message":"GET /api/products?category=TRANG%20S%E1%BB%A8C&limit=20 304 2.352 ms - {} - User: guest","timestamp":"2025-07-17T02:25:48.369Z"}
{"level":"http","message":"GET /api/comments/product/NB1?page=1&limit=10 200 70.443 ms - {} - User: guest","timestamp":"2025-07-17T02:25:48.381Z"}
{"level":"http","message":"GET /api/cart 304 21.041 ms - {} - User: -","timestamp":"2025-07-17T02:25:48.397Z"}
{"level":"http","message":"GET /api/comments/product/NB1?page=1&limit=10 304 36.832 ms - {} - User: guest","timestamp":"2025-07-17T02:25:48.426Z"}
{"level":"http","message":"GET /api/cart 304 29.558 ms - {} - User: -","timestamp":"2025-07-17T02:25:52.592Z"}
{"level":"http","message":"GET /api/cart 304 20.311 ms - {} - User: -","timestamp":"2025-07-17T02:25:55.322Z"}
{"level":"http","message":"GET /api/cart 304 21.054 ms - {} - User: -","timestamp":"2025-07-17T02:26:01.979Z"}
{"level":"http","message":"GET /api/cart 304 11.512 ms - {} - User: -","timestamp":"2025-07-17T02:26:10.935Z"}
{"level":"http","message":"GET /api/cart 304 17.994 ms - {} - User: -","timestamp":"2025-07-17T02:26:18.406Z"}
{"level":"http","message":"GET /api/cart 304 42.269 ms - {} - User: -","timestamp":"2025-07-17T02:26:28.496Z"}
{"level":"http","message":"GET /api/cart 304 11.709 ms - {} - User: -","timestamp":"2025-07-17T02:26:40.936Z"}
{"level":"http","message":"GET /api/cart 304 12.572 ms - {} - User: -","timestamp":"2025-07-17T02:26:48.308Z"}
{"level":"http","message":"GET /api/cart 304 15.112 ms - {} - User: -","timestamp":"2025-07-17T02:27:00.014Z"}
{"level":"http","message":"GET /api/cart 304 13.500 ms - {} - User: -","timestamp":"2025-07-17T02:27:05.451Z"}
{"level":"http","message":"GET /api/cart 304 11.111 ms - {} - User: -","timestamp":"2025-07-17T02:27:10.926Z"}
{"level":"http","message":"GET /api/cart 304 14.860 ms - {} - User: -","timestamp":"2025-07-17T02:27:18.314Z"}
{"level":"http","message":"GET /api/cart 304 16.482 ms - {} - User: -","timestamp":"2025-07-17T02:27:23.730Z"}
{"level":"http","message":"GET /api/cart 304 11.307 ms - {} - User: -","timestamp":"2025-07-17T02:27:40.925Z"}
{"level":"http","message":"GET /api/cart 304 8.950 ms - {} - User: -","timestamp":"2025-07-17T02:27:48.302Z"}
{"level":"http","message":"GET /api/cart 304 9.568 ms - {} - User: -","timestamp":"2025-07-17T02:28:10.921Z"}
{"level":"http","message":"GET /api/cart 304 9.890 ms - {} - User: -","timestamp":"2025-07-17T02:28:18.397Z"}
{"level":"http","message":"GET /api/cart 304 9.436 ms - {} - User: -","timestamp":"2025-07-17T02:28:40.930Z"}
{"level":"http","message":"GET /api/cart 304 9.127 ms - {} - User: -","timestamp":"2025-07-17T02:28:48.392Z"}
{"level":"http","message":"GET /api/cart 304 10.168 ms - {} - User: -","timestamp":"2025-07-17T02:29:10.932Z"}
{"level":"http","message":"GET /api/cart 304 9.469 ms - {} - User: -","timestamp":"2025-07-17T02:29:40.401Z"}
{"level":"http","message":"GET /api/cart 304 8.460 ms - {} - User: -","timestamp":"2025-07-17T02:29:40.931Z"}
{"level":"http","message":"GET /api/cart 304 10.732 ms - {} - User: -","timestamp":"2025-07-17T02:30:10.930Z"}
{"level":"http","message":"GET /api/cart 304 13.185 ms - {} - User: -","timestamp":"2025-07-17T02:30:40.409Z"}
{"level":"http","message":"GET /api/cart 304 11.437 ms - {} - User: -","timestamp":"2025-07-17T02:30:40.932Z"}
{"level":"http","message":"GET /api/cart 304 24.791 ms - {} - User: -","timestamp":"2025-07-17T02:31:10.946Z"}
{"level":"http","message":"GET /api/cart 304 15.980 ms - {} - User: -","timestamp":"2025-07-17T02:31:40.412Z"}
{"level":"http","message":"GET /api/cart 304 18.121 ms - {} - User: -","timestamp":"2025-07-17T02:31:40.934Z"}
{"level":"http","message":"GET /api/cart 304 18.055 ms - {} - User: -","timestamp":"2025-07-17T02:32:10.944Z"}
{"level":"http","message":"GET /api/cart 304 15.133 ms - {} - User: -","timestamp":"2025-07-17T02:32:40.409Z"}
{"level":"http","message":"GET /api/cart 304 19.892 ms - {} - User: -","timestamp":"2025-07-17T02:32:40.941Z"}
{"level":"http","message":"GET /api/cart 304 24.313 ms - {} - User: -","timestamp":"2025-07-17T02:33:10.942Z"}
{"level":"http","message":"GET /api/cart 304 24.466 ms - {} - User: -","timestamp":"2025-07-17T02:33:40.416Z"}
{"level":"http","message":"GET /api/cart 304 22.491 ms - {} - User: -","timestamp":"2025-07-17T02:33:40.945Z"}
{"level":"http","message":"GET /api/cart 304 11.808 ms - {} - User: -","timestamp":"2025-07-17T02:34:10.937Z"}
{"level":"http","message":"GET /api/cart 304 8.675 ms - {} - User: -","timestamp":"2025-07-17T02:34:40.394Z"}
{"level":"http","message":"GET /api/cart 304 9.845 ms - {} - User: -","timestamp":"2025-07-17T02:34:40.935Z"}
{"level":"http","message":"GET /api/cart 304 10.662 ms - {} - User: -","timestamp":"2025-07-17T02:35:10.928Z"}
{"level":"http","message":"GET /api/cart 304 9.199 ms - {} - User: -","timestamp":"2025-07-17T02:35:40.398Z"}
{"level":"http","message":"GET /api/cart 304 9.284 ms - {} - User: -","timestamp":"2025-07-17T02:35:40.925Z"}
{"level":"http","message":"GET /api/cart 304 9.584 ms - {} - User: -","timestamp":"2025-07-17T02:36:10.927Z"}
{"level":"http","message":"GET /api/cart 304 8.804 ms - {} - User: -","timestamp":"2025-07-17T02:36:40.405Z"}
{"level":"http","message":"GET /api/cart 304 10.808 ms - {} - User: -","timestamp":"2025-07-17T02:36:40.932Z"}
{"level":"http","message":"GET /api/cart 304 9.670 ms - {} - User: -","timestamp":"2025-07-17T02:37:10.935Z"}
{"level":"http","message":"GET /api/cart 304 10.678 ms - {} - User: -","timestamp":"2025-07-17T02:37:40.399Z"}
{"level":"http","message":"GET /api/cart 304 8.918 ms - {} - User: -","timestamp":"2025-07-17T02:37:40.925Z"}
{"level":"http","message":"GET /api/cart 304 8.957 ms - {} - User: -","timestamp":"2025-07-17T02:38:10.930Z"}
{"level":"http","message":"GET /api/cart 304 10.304 ms - {} - User: -","timestamp":"2025-07-17T02:38:40.401Z"}
{"level":"http","message":"GET /api/cart 304 10.020 ms - {} - User: -","timestamp":"2025-07-17T02:38:40.929Z"}
{"level":"http","message":"GET /api/cart 304 9.373 ms - {} - User: -","timestamp":"2025-07-17T02:39:11.002Z"}
{"level":"http","message":"GET /api/cart 304 9.209 ms - {} - User: -","timestamp":"2025-07-17T02:39:40.396Z"}
{"level":"http","message":"GET /api/cart 304 8.548 ms - {} - User: -","timestamp":"2025-07-17T02:39:40.926Z"}
{"level":"http","message":"GET /api/cart 304 9.740 ms - {} - User: -","timestamp":"2025-07-17T02:40:10.935Z"}
{"level":"http","message":"GET /api/cart 304 10.006 ms - {} - User: -","timestamp":"2025-07-17T02:40:40.401Z"}
{"level":"http","message":"GET /api/cart 304 8.954 ms - {} - User: -","timestamp":"2025-07-17T02:40:40.926Z"}
{"level":"http","message":"GET /api/cart 304 10.075 ms - {} - User: -","timestamp":"2025-07-17T02:41:11.044Z"}
