{"level":"info","message":"Google OAuth Config:","timestamp":"2025-07-07T17:01:34.748Z"}
{"level":"info","message":"- CLIENT_ID:","timestamp":"2025-07-07T17:01:34.751Z"}
{"level":"info","message":"- CLIENT_SECRET:","timestamp":"2025-07-07T17:01:34.752Z"}
{"level":"info","message":"- CALLBACK_URL:","timestamp":"2025-07-07T17:01:34.753Z"}
{"level":"info","message":"Swagger configured successfully","timestamp":"2025-07-07T17:01:34.980Z"}
{"level":"info","message":"Server: http://localhost:8797","timestamp":"2025-07-07T17:01:35.110Z"}
{"level":"info","message":"Docs: http://localhost:8797/api-docs","timestamp":"2025-07-07T17:01:35.111Z"}
{"level":"info","message":"Test: http://localhost:8797/test-google","timestamp":"2025-07-07T17:01:35.112Z"}
{"level":"info","message":"Google OAuth Config:","timestamp":"2025-07-07T17:16:34.774Z"}
{"level":"info","message":"- CLIENT_ID:","timestamp":"2025-07-07T17:16:34.778Z"}
{"level":"info","message":"- CLIENT_SECRET:","timestamp":"2025-07-07T17:16:34.778Z"}
{"level":"info","message":"- CALLBACK_URL:","timestamp":"2025-07-07T17:16:34.779Z"}
{"level":"info","message":"Swagger configured successfully","timestamp":"2025-07-07T17:16:34.959Z"}
{"level":"info","message":"Server: http://localhost:8797","timestamp":"2025-07-07T17:16:35.076Z"}
{"level":"info","message":"Docs: http://localhost:8797/api-docs","timestamp":"2025-07-07T17:16:35.077Z"}
{"level":"info","message":"Test: http://localhost:8797/test-google","timestamp":"2025-07-07T17:16:35.078Z"}
{"level":"info","message":"Google OAuth Config:","timestamp":"2025-07-07T17:16:44.202Z"}
{"level":"info","message":"- CLIENT_ID:","timestamp":"2025-07-07T17:16:44.205Z"}
{"level":"info","message":"- CLIENT_SECRET:","timestamp":"2025-07-07T17:16:44.206Z"}
{"level":"info","message":"- CALLBACK_URL:","timestamp":"2025-07-07T17:16:44.206Z"}
{"level":"info","message":"Swagger configured successfully","timestamp":"2025-07-07T17:16:44.370Z"}
{"level":"info","message":"Server: http://localhost:8797","timestamp":"2025-07-07T17:16:44.488Z"}
{"level":"info","message":"Docs: http://localhost:8797/api-docs","timestamp":"2025-07-07T17:16:44.490Z"}
{"level":"info","message":"Test: http://localhost:8797/test-google","timestamp":"2025-07-07T17:16:44.490Z"}
{"level":"info","message":"Google OAuth Config:","timestamp":"2025-07-07T17:16:46.402Z"}
{"level":"info","message":"- CLIENT_ID:","timestamp":"2025-07-07T17:16:46.406Z"}
{"level":"info","message":"- CLIENT_SECRET:","timestamp":"2025-07-07T17:16:46.407Z"}
{"level":"info","message":"- CALLBACK_URL:","timestamp":"2025-07-07T17:16:46.408Z"}
{"level":"info","message":"Swagger configured successfully","timestamp":"2025-07-07T17:16:46.593Z"}
{"level":"info","message":"Server: http://localhost:8797","timestamp":"2025-07-07T17:16:46.747Z"}
{"level":"info","message":"Docs: http://localhost:8797/api-docs","timestamp":"2025-07-07T17:16:46.747Z"}
{"level":"info","message":"Test: http://localhost:8797/test-google","timestamp":"2025-07-07T17:16:46.748Z"}
{"level":"http","message":"GET /api/comments/product/BT1?page=1&limit=10 200 26.310 ms - {} - User: guest","timestamp":"2025-07-07T17:18:14.052Z"}
{"level":"info","message":"Google OAuth Config:","timestamp":"2025-07-07T17:19:02.321Z"}
{"level":"info","message":"- CLIENT_ID:","timestamp":"2025-07-07T17:19:02.325Z"}
{"level":"info","message":"- CLIENT_SECRET:","timestamp":"2025-07-07T17:19:02.326Z"}
{"level":"info","message":"- CALLBACK_URL:","timestamp":"2025-07-07T17:19:02.327Z"}
{"level":"info","message":"Swagger configured successfully","timestamp":"2025-07-07T17:19:02.525Z"}
{"level":"info","message":"Server: http://localhost:8797","timestamp":"2025-07-07T17:19:02.668Z"}
{"level":"info","message":"Docs: http://localhost:8797/api-docs","timestamp":"2025-07-07T17:19:02.670Z"}
{"level":"info","message":"Test: http://localhost:8797/test-google","timestamp":"2025-07-07T17:19:02.671Z"}
{"level":"info","message":"Google OAuth Config:","timestamp":"2025-07-07T17:19:18.188Z"}
{"level":"info","message":"- CLIENT_ID:","timestamp":"2025-07-07T17:19:18.191Z"}
{"level":"info","message":"- CLIENT_SECRET:","timestamp":"2025-07-07T17:19:18.192Z"}
{"level":"info","message":"- CALLBACK_URL:","timestamp":"2025-07-07T17:19:18.193Z"}
{"level":"info","message":"Swagger configured successfully","timestamp":"2025-07-07T17:19:18.420Z"}
{"level":"info","message":"Server: http://localhost:8797","timestamp":"2025-07-07T17:19:18.549Z"}
{"level":"info","message":"Docs: http://localhost:8797/api-docs","timestamp":"2025-07-07T17:19:18.550Z"}
{"level":"info","message":"Test: http://localhost:8797/test-google","timestamp":"2025-07-07T17:19:18.551Z"}
{"level":"http","message":"GET /api/comments/product/BT1?page=1&limit=10 200 23.612 ms - {} - User: guest","timestamp":"2025-07-07T17:19:22.659Z"}
{"level":"info","message":"Google OAuth Config:","timestamp":"2025-07-08T02:50:28.145Z"}
{"level":"info","message":"- CLIENT_ID:","timestamp":"2025-07-08T02:50:28.149Z"}
{"level":"info","message":"- CLIENT_SECRET:","timestamp":"2025-07-08T02:50:28.150Z"}
{"level":"info","message":"- CALLBACK_URL:","timestamp":"2025-07-08T02:50:28.150Z"}
{"level":"info","message":"Swagger configured successfully","timestamp":"2025-07-08T02:50:28.505Z"}
{"level":"info","message":"Server: http://localhost:8797","timestamp":"2025-07-08T02:50:28.693Z"}
{"level":"info","message":"Docs: http://localhost:8797/api-docs","timestamp":"2025-07-08T02:50:28.695Z"}
{"level":"info","message":"Test: http://localhost:8797/test-google","timestamp":"2025-07-08T02:50:28.696Z"}
{"level":"http","message":"GET /api/comments/product/BT1?page=1&limit=10 200 98.669 ms - {} - User: guest","timestamp":"2025-07-08T02:50:50.418Z"}
{"level":"info","message":"Google OAuth Config:","timestamp":"2025-07-08T02:54:16.981Z"}
{"level":"info","message":"- CLIENT_ID:","timestamp":"2025-07-08T02:54:16.984Z"}
{"level":"info","message":"- CLIENT_SECRET:","timestamp":"2025-07-08T02:54:16.985Z"}
{"level":"info","message":"- CALLBACK_URL:","timestamp":"2025-07-08T02:54:16.986Z"}
{"level":"info","message":"Swagger configured successfully","timestamp":"2025-07-08T02:54:17.276Z"}
{"level":"info","message":"Server: http://localhost:8797","timestamp":"2025-07-08T02:54:17.455Z"}
{"level":"info","message":"Docs: http://localhost:8797/api-docs","timestamp":"2025-07-08T02:54:17.456Z"}
{"level":"info","message":"Test: http://localhost:8797/test-google","timestamp":"2025-07-08T02:54:17.457Z"}
{"level":"info","message":"Google OAuth Config:","timestamp":"2025-07-08T02:54:49.336Z"}
{"level":"info","message":"- CLIENT_ID:","timestamp":"2025-07-08T02:54:49.340Z"}
{"level":"info","message":"- CLIENT_SECRET:","timestamp":"2025-07-08T02:54:49.342Z"}
{"level":"info","message":"- CALLBACK_URL:","timestamp":"2025-07-08T02:54:49.343Z"}
{"level":"info","message":"Swagger configured successfully","timestamp":"2025-07-08T02:54:49.611Z"}
{"level":"info","message":"Server: http://localhost:8797","timestamp":"2025-07-08T02:54:49.798Z"}
{"level":"info","message":"Docs: http://localhost:8797/api-docs","timestamp":"2025-07-08T02:54:49.799Z"}
{"level":"info","message":"Test: http://localhost:8797/test-google","timestamp":"2025-07-08T02:54:49.801Z"}
{"level":"info","message":"Google OAuth Config:","timestamp":"2025-07-08T02:55:46.246Z"}
{"level":"info","message":"- CLIENT_ID:","timestamp":"2025-07-08T02:55:46.249Z"}
{"level":"info","message":"- CLIENT_SECRET:","timestamp":"2025-07-08T02:55:46.250Z"}
{"level":"info","message":"- CALLBACK_URL:","timestamp":"2025-07-08T02:55:46.251Z"}
{"level":"info","message":"Swagger configured successfully","timestamp":"2025-07-08T02:55:46.468Z"}
{"level":"info","message":"Server: http://localhost:8797","timestamp":"2025-07-08T02:55:46.613Z"}
{"level":"info","message":"Docs: http://localhost:8797/api-docs","timestamp":"2025-07-08T02:55:46.614Z"}
{"level":"info","message":"Test: http://localhost:8797/test-google","timestamp":"2025-07-08T02:55:46.614Z"}
{"level":"error","message":"UNHANDLED REJECTION","promise":{},"reason":{},"timestamp":"2025-07-08T02:55:50.945Z"}
{"level":"info","message":"Google OAuth Config:","timestamp":"2025-07-08T02:58:16.828Z"}
{"level":"info","message":"- CLIENT_ID:","timestamp":"2025-07-08T02:58:16.834Z"}
{"level":"info","message":"- CLIENT_SECRET:","timestamp":"2025-07-08T02:58:16.835Z"}
{"level":"info","message":"- CALLBACK_URL:","timestamp":"2025-07-08T02:58:16.836Z"}
{"level":"info","message":"Swagger configured successfully","timestamp":"2025-07-08T02:58:17.156Z"}
{"level":"info","message":"Server: http://localhost:8797","timestamp":"2025-07-08T02:58:17.357Z"}
{"level":"info","message":"Docs: http://localhost:8797/api-docs","timestamp":"2025-07-08T02:58:17.357Z"}
{"level":"info","message":"Test: http://localhost:8797/test-google","timestamp":"2025-07-08T02:58:17.358Z"}
{"level":"info","message":"Google OAuth Config:","timestamp":"2025-07-08T02:58:30.554Z"}
{"level":"info","message":"- CLIENT_ID:","timestamp":"2025-07-08T02:58:30.558Z"}
{"level":"info","message":"- CLIENT_SECRET:","timestamp":"2025-07-08T02:58:30.559Z"}
{"level":"info","message":"- CALLBACK_URL:","timestamp":"2025-07-08T02:58:30.560Z"}
{"level":"info","message":"Swagger configured successfully","timestamp":"2025-07-08T02:58:30.907Z"}
{"level":"info","message":"Server: http://localhost:8797","timestamp":"2025-07-08T02:58:31.084Z"}
{"level":"info","message":"Docs: http://localhost:8797/api-docs","timestamp":"2025-07-08T02:58:31.085Z"}
{"level":"info","message":"Test: http://localhost:8797/test-google","timestamp":"2025-07-08T02:58:31.085Z"}
{"level":"info","message":"Google OAuth Config:","timestamp":"2025-07-08T02:58:47.612Z"}
{"level":"info","message":"- CLIENT_ID:","timestamp":"2025-07-08T02:58:47.615Z"}
{"level":"info","message":"- CLIENT_SECRET:","timestamp":"2025-07-08T02:58:47.616Z"}
{"level":"info","message":"- CALLBACK_URL:","timestamp":"2025-07-08T02:58:47.617Z"}
{"level":"info","message":"Swagger configured successfully","timestamp":"2025-07-08T02:58:47.900Z"}
{"level":"info","message":"Server: http://localhost:8797","timestamp":"2025-07-08T02:58:48.091Z"}
{"level":"info","message":"Docs: http://localhost:8797/api-docs","timestamp":"2025-07-08T02:58:48.093Z"}
{"level":"info","message":"Test: http://localhost:8797/test-google","timestamp":"2025-07-08T02:58:48.095Z"}
{"level":"http","message":"GET /api/comments/product/BT1?page=1&limit=10 200 54.322 ms - {} - User: guest","timestamp":"2025-07-08T02:58:50.966Z"}
{"level":"info","message":"Google OAuth Config:","timestamp":"2025-07-08T03:01:56.890Z"}
{"level":"info","message":"- CLIENT_ID:","timestamp":"2025-07-08T03:01:56.894Z"}
{"level":"info","message":"- CLIENT_SECRET:","timestamp":"2025-07-08T03:01:56.895Z"}
{"level":"info","message":"- CALLBACK_URL:","timestamp":"2025-07-08T03:01:56.896Z"}
{"level":"info","message":"Swagger configured successfully","timestamp":"2025-07-08T03:01:57.116Z"}
{"level":"info","message":"Server: http://localhost:8797","timestamp":"2025-07-08T03:01:57.303Z"}
{"level":"info","message":"Docs: http://localhost:8797/api-docs","timestamp":"2025-07-08T03:01:57.304Z"}
{"level":"info","message":"Test: http://localhost:8797/test-google","timestamp":"2025-07-08T03:01:57.305Z"}
{"level":"http","message":"GET /api/comments/product/BT1?page=1&limit=10 200 46.387 ms - {} - User: guest","timestamp":"2025-07-08T03:02:00.338Z"}
{"level":"http","message":"GET /api/comments/user/g5ddiB1d91etU1xWZXwlUQRokcG3?page=1&limit=10 501 1.767 ms - {} - User: guest","timestamp":"2025-07-08T03:06:05.688Z"}
{"level":"http","message":"GET /api/comments/user/g5ddiB1d91etU1xWZXwlUQRokcG3 501 1.616 ms - {} - User: guest","timestamp":"2025-07-08T03:06:57.719Z"}
{"level":"http","message":"GET /api/comments/g5ddiB1d91etU1xWZXwlUQRokcG3 404 2.159 ms - {} - User: guest","timestamp":"2025-07-08T03:07:09.568Z"}
{"level":"http","message":"GET /api/comments/686bfe5b26f7c937487230e3 404 1.106 ms - {} - User: guest","timestamp":"2025-07-08T03:07:54.529Z"}
{"level":"http","message":"GET /api/comments/product/BT1?page=1&limit=10 200 19.708 ms - {} - User: guest","timestamp":"2025-07-08T03:09:52.109Z"}
{"level":"http","message":"GET /api/comments/user/g5ddiB1d91etU1xWZXwlUQRokcG3?page=1&limit=10 501 0.881 ms - {} - User: guest","timestamp":"2025-07-08T03:40:21.135Z"}
{"level":"info","message":"Google OAuth Config:","timestamp":"2025-07-08T03:42:57.815Z"}
{"level":"info","message":"- CLIENT_ID:","timestamp":"2025-07-08T03:42:57.818Z"}
{"level":"info","message":"- CLIENT_SECRET:","timestamp":"2025-07-08T03:42:57.819Z"}
{"level":"info","message":"- CALLBACK_URL:","timestamp":"2025-07-08T03:42:57.820Z"}
{"level":"info","message":"Swagger configured successfully","timestamp":"2025-07-08T03:42:58.040Z"}
{"level":"info","message":"Server: http://localhost:8797","timestamp":"2025-07-08T03:42:58.165Z"}
{"level":"info","message":"Docs: http://localhost:8797/api-docs","timestamp":"2025-07-08T03:42:58.166Z"}
{"level":"info","message":"Test: http://localhost:8797/test-google","timestamp":"2025-07-08T03:42:58.166Z"}
{"level":"info","message":"Google OAuth Config:","timestamp":"2025-07-08T03:43:19.340Z"}
{"level":"info","message":"- CLIENT_ID:","timestamp":"2025-07-08T03:43:19.343Z"}
{"level":"info","message":"- CLIENT_SECRET:","timestamp":"2025-07-08T03:43:19.344Z"}
{"level":"info","message":"- CALLBACK_URL:","timestamp":"2025-07-08T03:43:19.344Z"}
{"level":"info","message":"Swagger configured successfully","timestamp":"2025-07-08T03:43:19.555Z"}
{"level":"info","message":"Server: http://localhost:8797","timestamp":"2025-07-08T03:43:19.697Z"}
{"level":"info","message":"Docs: http://localhost:8797/api-docs","timestamp":"2025-07-08T03:43:19.698Z"}
{"level":"info","message":"Test: http://localhost:8797/test-google","timestamp":"2025-07-08T03:43:19.699Z"}
{"level":"info","message":"Google OAuth Config:","timestamp":"2025-07-08T04:37:48.210Z"}
{"level":"info","message":"- CLIENT_ID:","timestamp":"2025-07-08T04:37:48.213Z"}
{"level":"info","message":"- CLIENT_SECRET:","timestamp":"2025-07-08T04:37:48.214Z"}
{"level":"info","message":"- CALLBACK_URL:","timestamp":"2025-07-08T04:37:48.215Z"}
{"level":"info","message":"Swagger configured successfully","timestamp":"2025-07-08T04:37:48.384Z"}
{"level":"info","message":"Server: http://localhost:8797","timestamp":"2025-07-08T04:37:48.502Z"}
{"level":"info","message":"Docs: http://localhost:8797/api-docs","timestamp":"2025-07-08T04:37:48.503Z"}
{"level":"info","message":"Test: http://localhost:8797/test-google","timestamp":"2025-07-08T04:37:48.503Z"}
{"level":"http","message":"GET /api/comments/user/g5ddiB1d91etU1xWZXwlUQRokcG3?page=1&limit=10 200 53.390 ms - {} - User: guest","timestamp":"2025-07-08T04:37:52.861Z"}
{"level":"info","message":"Google OAuth Config:","timestamp":"2025-07-08T08:13:08.920Z"}
{"level":"info","message":"- CLIENT_ID:","timestamp":"2025-07-08T08:13:08.922Z"}
{"level":"info","message":"- CLIENT_SECRET:","timestamp":"2025-07-08T08:13:08.923Z"}
{"level":"info","message":"- CALLBACK_URL:","timestamp":"2025-07-08T08:13:08.923Z"}
{"level":"info","message":"✅ Swagger configured successfully","timestamp":"2025-07-08T08:13:09.193Z"}
{"level":"info","message":"✅ WebSocket server configured successfully","timestamp":"2025-07-08T08:13:09.197Z"}
{"level":"info","message":"✅ Database connected successfully","timestamp":"2025-07-08T08:13:09.330Z"}
{"level":"info","message":"🚀 Server running on port 8797","timestamp":"2025-07-08T08:13:09.332Z"}
{"level":"info","message":"📡 HTTP: http://localhost:8797","timestamp":"2025-07-08T08:13:09.332Z"}
{"level":"info","message":"📖 Docs: http://localhost:8797/api-docs","timestamp":"2025-07-08T08:13:09.333Z"}
{"level":"info","message":"🧪 Test: http://localhost:8797/test-google","timestamp":"2025-07-08T08:13:09.333Z"}
{"level":"info","message":"💓 Health: http://localhost:8797/health","timestamp":"2025-07-08T08:13:09.336Z"}
{"level":"info","message":"🔌 WebSocket: ws://localhost:8797","timestamp":"2025-07-08T08:13:09.337Z"}
{"level":"info","message":"💬 WebSocket Health: http://localhost:8797/api/websocket/health","timestamp":"2025-07-08T08:13:09.337Z"}
{"level":"info","message":"🌍 Environment: undefined","timestamp":"2025-07-08T08:13:09.337Z"}
{"level":"http","message":"GET /api/websocket/health 200 5.991 ms - {} - User: guest","timestamp":"2025-07-08T08:17:17.930Z"}
{"level":"http","message":"GET /api/comments/websocket/stats/BT1 500 2.834 ms - {} - User: guest","timestamp":"2025-07-08T08:18:34.079Z"}
{"level":"info","message":"🛑 SIGINT received, shutting down gracefully","timestamp":"2025-07-08T08:25:46.468Z"}
{"level":"info","message":"Google OAuth Config:","timestamp":"2025-07-08T08:30:53.564Z"}
{"level":"info","message":"- CLIENT_ID:","timestamp":"2025-07-08T08:30:53.567Z"}
{"level":"info","message":"- CLIENT_SECRET:","timestamp":"2025-07-08T08:30:53.567Z"}
{"level":"info","message":"- CALLBACK_URL:","timestamp":"2025-07-08T08:30:53.568Z"}
{"level":"info","message":"✅ Swagger configured successfully","timestamp":"2025-07-08T08:30:53.746Z"}
{"level":"info","message":"✅ WebSocket server configured successfully","timestamp":"2025-07-08T08:30:53.749Z"}
{"level":"info","message":"✅ Database connected successfully","timestamp":"2025-07-08T08:30:53.849Z"}
{"level":"info","message":"🚀 Server running on port 8797","timestamp":"2025-07-08T08:30:53.856Z"}
{"level":"info","message":"📡 HTTP: http://localhost:8797","timestamp":"2025-07-08T08:30:53.856Z"}
{"level":"info","message":"📖 Docs: http://localhost:8797/api-docs","timestamp":"2025-07-08T08:30:53.857Z"}
{"level":"info","message":"🧪 Test: http://localhost:8797/test-google","timestamp":"2025-07-08T08:30:53.857Z"}
{"level":"info","message":"💓 Health: http://localhost:8797/health","timestamp":"2025-07-08T08:30:53.857Z"}
{"level":"info","message":"🔌 WebSocket: ws://localhost:8797","timestamp":"2025-07-08T08:30:53.857Z"}
{"level":"info","message":"💬 WebSocket Health: http://localhost:8797/api/websocket/health","timestamp":"2025-07-08T08:30:53.857Z"}
{"level":"info","message":"🌍 Environment: undefined","timestamp":"2025-07-08T08:30:53.857Z"}
{"level":"info","message":"Google OAuth Config:","timestamp":"2025-07-08T08:32:07.825Z"}
{"level":"info","message":"- CLIENT_ID:","timestamp":"2025-07-08T08:32:07.828Z"}
{"level":"info","message":"- CLIENT_SECRET:","timestamp":"2025-07-08T08:32:07.829Z"}
{"level":"info","message":"- CALLBACK_URL:","timestamp":"2025-07-08T08:32:07.829Z"}
{"level":"info","message":"✅ Swagger configured successfully","timestamp":"2025-07-08T08:32:08.002Z"}
{"level":"info","message":"✅ WebSocket server configured successfully","timestamp":"2025-07-08T08:32:08.006Z"}
{"level":"info","message":"✅ Database connected successfully","timestamp":"2025-07-08T08:32:08.109Z"}
{"level":"info","message":"🚀 Server running on port 8797","timestamp":"2025-07-08T08:32:08.111Z"}
{"level":"info","message":"📡 HTTP: http://localhost:8797","timestamp":"2025-07-08T08:32:08.112Z"}
{"level":"info","message":"📖 Docs: http://localhost:8797/api-docs","timestamp":"2025-07-08T08:32:08.112Z"}
{"level":"info","message":"🧪 Test: http://localhost:8797/test-google","timestamp":"2025-07-08T08:32:08.113Z"}
{"level":"info","message":"💓 Health: http://localhost:8797/health","timestamp":"2025-07-08T08:32:08.113Z"}
{"level":"info","message":"🔌 WebSocket: ws://localhost:8797","timestamp":"2025-07-08T08:32:08.113Z"}
{"level":"info","message":"💬 WebSocket Health: http://localhost:8797/api/websocket/health","timestamp":"2025-07-08T08:32:08.113Z"}
{"level":"info","message":"🌍 Environment: undefined","timestamp":"2025-07-08T08:32:08.113Z"}
{"level":"info","message":"Google OAuth Config:","timestamp":"2025-07-08T08:32:57.119Z"}
{"level":"info","message":"- CLIENT_ID:","timestamp":"2025-07-08T08:32:57.121Z"}
{"level":"info","message":"- CLIENT_SECRET:","timestamp":"2025-07-08T08:32:57.122Z"}
{"level":"info","message":"- CALLBACK_URL:","timestamp":"2025-07-08T08:32:57.123Z"}
{"level":"info","message":"✅ Swagger configured successfully","timestamp":"2025-07-08T08:32:57.293Z"}
{"level":"info","message":"✅ WebSocket server configured successfully","timestamp":"2025-07-08T08:32:57.297Z"}
{"level":"info","message":"✅ Database connected successfully","timestamp":"2025-07-08T08:32:57.418Z"}
{"level":"info","message":"🚀 Server running on port 8797","timestamp":"2025-07-08T08:32:57.426Z"}
{"level":"info","message":"📡 HTTP: http://localhost:8797","timestamp":"2025-07-08T08:32:57.427Z"}
{"level":"info","message":"📖 Docs: http://localhost:8797/api-docs","timestamp":"2025-07-08T08:32:57.427Z"}
{"level":"info","message":"🧪 Test: http://localhost:8797/test-google","timestamp":"2025-07-08T08:32:57.428Z"}
{"level":"info","message":"💓 Health: http://localhost:8797/health","timestamp":"2025-07-08T08:32:57.428Z"}
{"level":"info","message":"🔌 WebSocket: ws://localhost:8797","timestamp":"2025-07-08T08:32:57.428Z"}
{"level":"info","message":"💬 WebSocket Health: http://localhost:8797/api/websocket/health","timestamp":"2025-07-08T08:32:57.428Z"}
{"level":"info","message":"🌍 Environment: undefined","timestamp":"2025-07-08T08:32:57.429Z"}
{"level":"info","message":"Google OAuth Config:","timestamp":"2025-07-08T08:33:07.684Z"}
{"level":"info","message":"- CLIENT_ID:","timestamp":"2025-07-08T08:33:07.687Z"}
{"level":"info","message":"- CLIENT_SECRET:","timestamp":"2025-07-08T08:33:07.687Z"}
{"level":"info","message":"- CALLBACK_URL:","timestamp":"2025-07-08T08:33:07.688Z"}
{"level":"info","message":"✅ Swagger configured successfully","timestamp":"2025-07-08T08:33:07.867Z"}
{"level":"info","message":"✅ WebSocket server configured successfully","timestamp":"2025-07-08T08:33:07.871Z"}
{"level":"info","message":"✅ Database connected successfully","timestamp":"2025-07-08T08:33:07.978Z"}
{"level":"info","message":"🚀 Server running on port 8797","timestamp":"2025-07-08T08:33:07.981Z"}
{"level":"info","message":"📡 HTTP: http://localhost:8797","timestamp":"2025-07-08T08:33:07.985Z"}
{"level":"info","message":"📖 Docs: http://localhost:8797/api-docs","timestamp":"2025-07-08T08:33:07.986Z"}
{"level":"info","message":"🧪 Test: http://localhost:8797/test-google","timestamp":"2025-07-08T08:33:07.987Z"}
{"level":"info","message":"💓 Health: http://localhost:8797/health","timestamp":"2025-07-08T08:33:07.987Z"}
{"level":"info","message":"🔌 WebSocket: ws://localhost:8797","timestamp":"2025-07-08T08:33:07.987Z"}
{"level":"info","message":"💬 WebSocket Health: http://localhost:8797/api/websocket/health","timestamp":"2025-07-08T08:33:07.987Z"}
{"level":"info","message":"🌍 Environment: undefined","timestamp":"2025-07-08T08:33:07.988Z"}
{"level":"info","message":"Google OAuth Config:","timestamp":"2025-07-08T08:34:23.774Z"}
{"level":"info","message":"- CLIENT_ID:","timestamp":"2025-07-08T08:34:23.776Z"}
{"level":"info","message":"- CLIENT_SECRET:","timestamp":"2025-07-08T08:34:23.777Z"}
{"level":"info","message":"- CALLBACK_URL:","timestamp":"2025-07-08T08:34:23.777Z"}
{"level":"info","message":"✅ Swagger configured successfully","timestamp":"2025-07-08T08:34:23.950Z"}
{"level":"info","message":"✅ WebSocket server configured successfully","timestamp":"2025-07-08T08:34:23.955Z"}
{"level":"info","message":"✅ Database connected successfully","timestamp":"2025-07-08T08:34:24.060Z"}
{"level":"info","message":"🚀 Server running on port 8797","timestamp":"2025-07-08T08:34:24.063Z"}
{"level":"info","message":"📡 HTTP: http://localhost:8797","timestamp":"2025-07-08T08:34:24.063Z"}
{"level":"info","message":"📖 Docs: http://localhost:8797/api-docs","timestamp":"2025-07-08T08:34:24.064Z"}
{"level":"info","message":"🧪 Test: http://localhost:8797/test-google","timestamp":"2025-07-08T08:34:24.064Z"}
{"level":"info","message":"💓 Health: http://localhost:8797/health","timestamp":"2025-07-08T08:34:24.064Z"}
{"level":"info","message":"🔌 WebSocket: ws://localhost:8797","timestamp":"2025-07-08T08:34:24.064Z"}
{"level":"info","message":"💬 WebSocket Health: http://localhost:8797/api/websocket/health","timestamp":"2025-07-08T08:34:24.065Z"}
{"level":"info","message":"🌍 Environment: undefined","timestamp":"2025-07-08T08:34:24.065Z"}
{"level":"info","message":"🛑 SIGINT received, shutting down gracefully","timestamp":"2025-07-08T08:42:25.080Z"}
