{"level":"info","message":"🔑 Google OAuth Config:","timestamp":"2025-06-27T04:29:16.249Z"}
{"level":"info","message":"- CLIENT_ID:","timestamp":"2025-06-27T04:29:16.252Z"}
{"level":"info","message":"- CLIENT_SECRET:","timestamp":"2025-06-27T04:29:16.252Z"}
{"level":"info","message":"- CALLBACK_URL:","timestamp":"2025-06-27T04:29:16.253Z"}
{"level":"info","message":"✅ Swagger configured successfully","timestamp":"2025-06-27T04:29:16.493Z"}
{"level":"info","message":"🚀 Server: http://localhost:8797","timestamp":"2025-06-27T04:29:16.631Z"}
{"level":"info","message":"📚 Docs: http://localhost:8797/api-docs","timestamp":"2025-06-27T04:29:16.632Z"}
{"level":"info","message":"🔍 Test: http://localhost:8797/test-google","timestamp":"2025-06-27T04:29:16.633Z"}
{"level":"info","message":"findByEmailOrUsername called with:","timestamp":"2025-06-27T04:31:34.467Z"}
{"level":"info","message":"🔍 Searching with identifier:","timestamp":"2025-06-27T04:31:34.468Z"}
{"level":"http","message":"POST /api/auth/login 200 85.997 ms - {\"userName\":\"nguyendao2112\",\"password\":\"[REDACTED]\"} - User: guest","timestamp":"2025-06-27T04:31:34.551Z"}
{"level":"info","message":"🔑 Google OAuth Config:","timestamp":"2025-06-27T04:34:22.788Z"}
{"level":"info","message":"- CLIENT_ID:","timestamp":"2025-06-27T04:34:22.790Z"}
{"level":"info","message":"- CLIENT_SECRET:","timestamp":"2025-06-27T04:34:22.791Z"}
{"level":"info","message":"- CALLBACK_URL:","timestamp":"2025-06-27T04:34:22.792Z"}
{"level":"info","message":"✅ Swagger configured successfully","timestamp":"2025-06-27T04:34:22.946Z"}
{"level":"info","message":"🚀 Server: http://localhost:8797","timestamp":"2025-06-27T04:34:23.064Z"}
{"level":"info","message":"📚 Docs: http://localhost:8797/api-docs","timestamp":"2025-06-27T04:34:23.065Z"}
{"level":"info","message":"🔍 Test: http://localhost:8797/test-google","timestamp":"2025-06-27T04:34:23.066Z"}
{"level":"info","message":"🔑 Google OAuth Config:","timestamp":"2025-06-27T04:35:26.988Z"}
{"level":"info","message":"- CLIENT_ID:","timestamp":"2025-06-27T04:35:26.990Z"}
{"level":"info","message":"- CLIENT_SECRET:","timestamp":"2025-06-27T04:35:26.991Z"}
{"level":"info","message":"- CALLBACK_URL:","timestamp":"2025-06-27T04:35:26.991Z"}
{"level":"info","message":"✅ Swagger configured successfully","timestamp":"2025-06-27T04:35:27.124Z"}
{"level":"info","message":"🚀 Server: http://localhost:8797","timestamp":"2025-06-27T04:35:27.207Z"}
{"level":"info","message":"📚 Docs: http://localhost:8797/api-docs","timestamp":"2025-06-27T04:35:27.208Z"}
{"level":"info","message":"🔍 Test: http://localhost:8797/test-google","timestamp":"2025-06-27T04:35:27.209Z"}
{"level":"info","message":"findByEmailOrUsername called with:","timestamp":"2025-06-27T04:36:01.883Z"}
{"level":"info","message":"🔍 Searching with identifier:","timestamp":"2025-06-27T04:36:01.884Z"}
{"level":"error","message":"Login error: Invalid credentials","stack":"Error: Invalid credentials\n    at AuthService.loginUser (C:\\Users\\ADMIN\\Desktop\\nodejs\\DaoShop\\src\\services\\auth.service.js:78:19)\n    at process.processTicksAndRejections (node:internal/process/task_queues:95:5)\n    at async login (C:\\Users\\ADMIN\\Desktop\\nodejs\\DaoShop\\src\\controllers\\user.controller.js:189:26)","timestamp":"2025-06-27T04:36:01.896Z"}
{"level":"http","message":"POST /api/auth/login 401 20.094 ms - {\"userName\":\"nguyendao2112@gmail.com\",\"password\":\"[REDACTED]\"} - User: guest","timestamp":"2025-06-27T04:36:01.900Z"}
{"level":"http","message":"POST /api/auth/logout 200 7.065 ms - {\"userName\":\"nguyendao2112\",\"password\":\"[REDACTED]\"} - User: guest","timestamp":"2025-06-27T04:36:44.993Z"}
{"level":"info","message":"findByEmailOrUsername called with:","timestamp":"2025-06-27T04:37:05.720Z"}
{"level":"info","message":"🔍 Searching with identifier:","timestamp":"2025-06-27T04:37:05.721Z"}
{"level":"http","message":"POST /api/auth/login 200 83.598 ms - {\"userName\":\"nguyendao2112kientruc@gmail.com\",\"password\":\"[REDACTED]\"} - User: guest","timestamp":"2025-06-27T04:37:05.804Z"}
{"level":"info","message":"🔑 Generated OTP:","timestamp":"2025-06-27T04:38:39.204Z"}
{"level":"info","message":"OTP Email sent successfully:","timestamp":"2025-06-27T04:38:43.095Z"}
{"level":"http","message":"POST /api/auth/register 201 3897.381 ms - {\"userName\":\"beautillyapp\",\"password\":\"[REDACTED]\",\"email\":\"beautilly.app@gmail.com\"} - User: guest","timestamp":"2025-06-27T04:38:43.097Z"}
{"level":"info","message":"findByEmailOrUsername called with:","timestamp":"2025-06-27T04:58:34.814Z"}
{"level":"info","message":"🔍 Searching with identifier:","timestamp":"2025-06-27T04:58:34.815Z"}
{"level":"error","message":"Login error: EMAIL_NOT_VERIFIED","stack":"Error: EMAIL_NOT_VERIFIED\n    at AuthService.loginUser (C:\\Users\\ADMIN\\Desktop\\nodejs\\DaoShop\\src\\services\\auth.service.js:87:19)\n    at process.processTicksAndRejections (node:internal/process/task_queues:95:5)\n    at async login (C:\\Users\\ADMIN\\Desktop\\nodejs\\DaoShop\\src\\controllers\\user.controller.js:189:26)","timestamp":"2025-06-27T04:58:34.818Z"}
{"level":"http","message":"POST /api/auth/login 401 5.394 ms - {\"userName\":\"beautillyapp\",\"password\":\"[REDACTED]\"} - User: guest","timestamp":"2025-06-27T04:58:34.820Z"}
{"level":"info","message":"🔑 Google OAuth Config:","timestamp":"2025-06-27T08:55:02.683Z"}
{"level":"info","message":"- CLIENT_ID:","timestamp":"2025-06-27T08:55:02.687Z"}
{"level":"info","message":"- CLIENT_SECRET:","timestamp":"2025-06-27T08:55:02.688Z"}
{"level":"info","message":"- CALLBACK_URL:","timestamp":"2025-06-27T08:55:02.689Z"}
{"level":"info","message":"✅ Swagger configured successfully","timestamp":"2025-06-27T08:55:03.012Z"}
{"level":"info","message":"🚀 Server: http://localhost:8797","timestamp":"2025-06-27T08:55:03.170Z"}
{"level":"info","message":"📚 Docs: http://localhost:8797/api-docs","timestamp":"2025-06-27T08:55:03.172Z"}
{"level":"info","message":"🔍 Test: http://localhost:8797/test-google","timestamp":"2025-06-27T08:55:03.172Z"}
{"level":"http","message":"POST /api/auth/login 400 19.804 ms - {\"email\":\"nguyendao2112kientruc@gmail.com\",\"password\":\"[REDACTED]\"} - User: guest","timestamp":"2025-06-27T08:59:54.212Z"}
{"level":"http","message":"POST /api/auth/login 400 3.236 ms - {\"username\":\"nguyendao2112kientruc@gmail.com\",\"password\":\"[REDACTED]\"} - User: guest","timestamp":"2025-06-27T09:00:14.971Z"}
{"level":"info","message":"findByEmailOrUsername called with:","timestamp":"2025-06-27T09:00:22.740Z"}
{"level":"info","message":"🔍 Searching with identifier:","timestamp":"2025-06-27T09:00:22.740Z"}
{"level":"http","message":"POST /api/auth/login 200 262.784 ms - {\"userName\":\"nguyendao2112\",\"password\":\"[REDACTED]\"} - User: guest","timestamp":"2025-06-27T09:00:23.003Z"}
{"level":"http","message":"POST /api/auth/logout 200 14.565 ms - {\"userName\":\"nguyendao2112\",\"password\":\"[REDACTED]\"} - User: guest","timestamp":"2025-06-27T09:00:28.026Z"}
{"level":"info","message":"findByEmailOrUsername called with:","timestamp":"2025-06-27T09:00:41.206Z"}
{"level":"info","message":"🔍 Searching with identifier:","timestamp":"2025-06-27T09:00:41.207Z"}
{"level":"http","message":"POST /api/auth/login 200 246.907 ms - {\"userName\":\"nguyendao2112kientruc@gmail.com\",\"password\":\"[REDACTED]\"} - User: guest","timestamp":"2025-06-27T09:00:41.454Z"}
{"level":"info","message":"findByEmailOrUsername called with:","timestamp":"2025-06-27T09:07:56.369Z"}
{"level":"info","message":"🔍 Searching with identifier:","timestamp":"2025-06-27T09:07:56.370Z"}
{"level":"error","message":"Login error: EMAIL_NOT_VERIFIED","stack":"Error: EMAIL_NOT_VERIFIED\n    at AuthService.loginUser (C:\\Users\\ADMIN\\Desktop\\nodejs\\DaoShop\\src\\services\\auth.service.js:87:19)\n    at process.processTicksAndRejections (node:internal/process/task_queues:95:5)\n    at async login (C:\\Users\\ADMIN\\Desktop\\nodejs\\DaoShop\\src\\controllers\\user.controller.js:189:26)","timestamp":"2025-06-27T09:07:56.380Z"}
{"level":"http","message":"POST /api/auth/login 401 15.422 ms - {\"userName\":\"beautillyapp\",\"password\":\"[REDACTED]\"} - User: guest","timestamp":"2025-06-27T09:07:56.384Z"}
{"level":"http","message":"POST /api/auth/login 429 3.112 ms - {\"userName\":\"nguyendao2112\",\"password\":\"[REDACTED]\"} - User: guest","timestamp":"2025-06-27T09:08:16.940Z"}
{"level":"info","message":"🔑 Google OAuth Config:","timestamp":"2025-06-27T09:09:22.811Z"}
{"level":"info","message":"- CLIENT_ID:","timestamp":"2025-06-27T09:09:22.814Z"}
{"level":"info","message":"- CLIENT_SECRET:","timestamp":"2025-06-27T09:09:22.816Z"}
{"level":"info","message":"- CALLBACK_URL:","timestamp":"2025-06-27T09:09:22.816Z"}
{"level":"info","message":"✅ Swagger configured successfully","timestamp":"2025-06-27T09:09:23.044Z"}
{"level":"info","message":"🚀 Server: http://localhost:8797","timestamp":"2025-06-27T09:09:23.162Z"}
{"level":"info","message":"📚 Docs: http://localhost:8797/api-docs","timestamp":"2025-06-27T09:09:23.163Z"}
{"level":"info","message":"🔍 Test: http://localhost:8797/test-google","timestamp":"2025-06-27T09:09:23.164Z"}
{"level":"info","message":"findByEmailOrUsername called with:","timestamp":"2025-06-27T09:09:26.151Z"}
{"level":"info","message":"🔍 Searching with identifier:","timestamp":"2025-06-27T09:09:26.152Z"}
{"level":"http","message":"POST /api/auth/login 200 103.285 ms - {\"userName\":\"nguyendao2112\",\"password\":\"[REDACTED]\"} - User: guest","timestamp":"2025-06-27T09:09:26.252Z"}
{"level":"http","message":"POST /api/auth/register 409 13.618 ms - {\"userName\":\"beautillyapp\",\"password\":\"[REDACTED]\",\"email\":\"beautilly.app@gmail.com\"} - User: guest","timestamp":"2025-06-27T09:32:54.541Z"}
{"level":"info","message":"🔑 Generated OTP:","timestamp":"2025-06-27T09:33:18.321Z"}
{"level":"info","message":"OTP Email sent successfully:","timestamp":"2025-06-27T09:33:22.763Z"}
{"level":"http","message":"POST /api/auth/register 201 4453.753 ms - {\"userName\":\"beautillyapp\",\"password\":\"[REDACTED]\",\"email\":\"beautilly.app@gmail.com\"} - User: guest","timestamp":"2025-06-27T09:33:22.767Z"}
{"level":"info","message":"🔍 Debugging OTP verification:","timestamp":"2025-06-27T09:33:58.115Z"}
{"level":"info","message":"- Input OTP:","timestamp":"2025-06-27T09:33:58.116Z"}
{"level":"info","message":"- Stored OTP:","timestamp":"2025-06-27T09:33:58.117Z"}
{"level":"info","message":"- OTP Expires:","timestamp":"2025-06-27T09:33:58.118Z"}
{"level":"info","message":"- Current Time:","timestamp":"2025-06-27T09:33:58.119Z"}
{"level":"info","message":"- OTP Match?","timestamp":"2025-06-27T09:33:58.120Z"}
{"level":"info","message":"Welcome Email sent successfully:","timestamp":"2025-06-27T09:34:01.282Z"}
{"level":"http","message":"POST /api/auth/verify-otp 200 3194.938 ms - {\"email\":\"beautilly.app@gmail.com\",\"otp\":\"838097\"} - User: guest","timestamp":"2025-06-27T09:34:01.301Z"}
{"level":"info","message":"🔑 Generated OTP:","timestamp":"2025-06-27T09:34:47.419Z"}
{"level":"info","message":"OTP Email sent successfully:","timestamp":"2025-06-27T09:34:51.420Z"}
{"level":"http","message":"POST /api/auth/register 201 4010.190 ms - {\"userName\":\"beautillyapp\",\"password\":\"[REDACTED]\",\"email\":\"beautilly.app@gmail.com\"} - User: guest","timestamp":"2025-06-27T09:34:51.424Z"}
{"level":"info","message":"🔑 Generated OTP:","timestamp":"2025-06-27T09:35:37.876Z"}
{"level":"info","message":"OTP Email sent successfully:","timestamp":"2025-06-27T09:35:41.190Z"}
{"level":"http","message":"POST /api/auth/resend-otp 200 3323.790 ms - {\"email\":\"beautilly.app@gmail.com\"} - User: guest","timestamp":"2025-06-27T09:35:41.193Z"}
{"level":"info","message":"🔍 Debugging OTP verification:","timestamp":"2025-06-27T09:35:56.482Z"}
{"level":"info","message":"- Input OTP:","timestamp":"2025-06-27T09:35:56.483Z"}
{"level":"info","message":"- Stored OTP:","timestamp":"2025-06-27T09:35:56.484Z"}
{"level":"info","message":"- OTP Expires:","timestamp":"2025-06-27T09:35:56.484Z"}
{"level":"info","message":"- Current Time:","timestamp":"2025-06-27T09:35:56.485Z"}
{"level":"info","message":"- OTP Match?","timestamp":"2025-06-27T09:35:56.485Z"}
{"level":"info","message":"Welcome Email sent successfully:","timestamp":"2025-06-27T09:35:59.935Z"}
{"level":"http","message":"POST /api/auth/verify-otp 200 3472.762 ms - {\"email\":\"beautilly.app@gmail.com\",\"otp\":\"692906\"} - User: guest","timestamp":"2025-06-27T09:35:59.949Z"}
{"level":"info","message":"🔑 Google OAuth Config:","timestamp":"2025-06-27T13:03:29.381Z"}
{"level":"info","message":"- CLIENT_ID:","timestamp":"2025-06-27T13:03:29.384Z"}
{"level":"info","message":"- CLIENT_SECRET:","timestamp":"2025-06-27T13:03:29.385Z"}
{"level":"info","message":"- CALLBACK_URL:","timestamp":"2025-06-27T13:03:29.385Z"}
{"level":"info","message":"✅ Swagger configured successfully","timestamp":"2025-06-27T13:03:29.646Z"}
{"level":"info","message":"🚀 Server: http://localhost:8797","timestamp":"2025-06-27T13:03:29.774Z"}
{"level":"info","message":"📚 Docs: http://localhost:8797/api-docs","timestamp":"2025-06-27T13:03:29.774Z"}
{"level":"info","message":"🔍 Test: http://localhost:8797/test-google","timestamp":"2025-06-27T13:03:29.775Z"}
